Using pre-set license
Built from '2020.3/release' branch; Version is '2020.3.7f1 (dd97f2c94397) revision 14522354'; Using compiler version '192528614'; Build Type 'Release'
OS: 'Windows 10 Home; OS build 19042.1110; Version 2009; 64bit' Language: 'ru' Physical Memory: 16326 MB
BatchMode: 1, IsHumanControllingUs: 0, StartBugReporterOnCrash: 0, Is64bit: 1, IsPro: 0

 COMMAND LINE ARGUMENTS:
C:\Program Files\Unity\Hub\Editor\2020.3.7f1\Editor\Unity.exe
-adb2
-batchMode
-noUpm
-name
AssetImportWorker0
-projectPath
C:/Users/korob/OneDrive/Документы/GitHub/2048/2048
-logFile
Logs/AssetImportWorker0.log
-srvPort
56853
Successfully changed project path to: C:/Users/korob/OneDrive/Документы/GitHub/2048/2048
C:/Users/korob/OneDrive/Документы/GitHub/2048/2048
Using Asset Import Pipeline V2.
Refreshing native plugins compatible for Editor in 22.72 ms, found 0 plugins.
Preloading 0 native plugins for Editor in 0.00 ms.
Initialize engine version: 2020.3.7f1 (dd97f2c94397)
[Subsystems] Discovering subsystems at path C:/Program Files/Unity/Hub/Editor/2020.3.7f1/Editor/Data/Resources/UnitySubsystems
[Subsystems] Discovering subsystems at path C:/Users/korob/OneDrive/Документы/GitHub/2048/2048/Assets
GfxDevice: creating device client; threaded=0
Direct3D:
    Version:  Direct3D 11.0 [level 11.1]
    Renderer: NVIDIA GeForce RTX 2070 (ID=0x1f02)
    Vendor:   
    VRAM:     8031 MB
    Driver:   27.21.14.6627
Initialize mono
Mono path[0] = 'C:/Program Files/Unity/Hub/Editor/2020.3.7f1/Editor/Data/Managed'
Mono path[1] = 'C:/Program Files/Unity/Hub/Editor/2020.3.7f1/Editor/Data/MonoBleedingEdge/lib/mono/unityjit'
Mono config path = 'C:/Program Files/Unity/Hub/Editor/2020.3.7f1/Editor/Data/MonoBleedingEdge/etc'
Using monoOptions --debugger-agent=transport=dt_socket,embedding=1,server=y,suspend=n,address=127.0.0.1:56608
Begin MonoManager ReloadAssembly
Registering precompiled unity dll's ...
Register platform support module: C:/Program Files/Unity/Hub/Editor/2020.3.7f1/Editor/Data/PlaybackEngines/WebGLSupport/UnityEditor.WebGL.Extensions.dll
Register platform support module: C:/Program Files/Unity/Hub/Editor/2020.3.7f1/Editor/Data/PlaybackEngines/MacStandaloneSupport/UnityEditor.OSXStandalone.Extensions.dll
Register platform support module: C:/Program Files/Unity/Hub/Editor/2020.3.7f1/Editor/Data/PlaybackEngines/WindowsStandaloneSupport/UnityEditor.WindowsStandalone.Extensions.dll
Register platform support module: C:/Program Files/Unity/Hub/Editor/2020.3.7f1/Editor/Data/PlaybackEngines/LinuxStandaloneSupport/UnityEditor.LinuxStandalone.Extensions.dll
Register platform support module: C:/Program Files/Unity/Hub/Editor/2020.3.7f1/Editor/Data/PlaybackEngines/LuminSupport/UnityEditor.Lumin.Extensions.dll
Registered in 0.004877 seconds.
Native extension for Lumin target not found
Native extension for LinuxStandalone target not found
Native extension for WindowsStandalone target not found
Native extension for OSXStandalone target not found
Native extension for WebGL target not found
Refreshing native plugins compatible for Editor in 24.79 ms, found 0 plugins.
Preloading 0 native plugins for Editor in 0.00 ms.
Mono: successfully reloaded assembly
- Completed reload, in  2.357 seconds
Platform modules already initialized, skipping
Registering precompiled user dll's ...
Registered in 0.000793 seconds.
Begin MonoManager ReloadAssembly
Native extension for Lumin target not found
Native extension for LinuxStandalone target not found
Native extension for WindowsStandalone target not found
Native extension for OSXStandalone target not found
Native extension for WebGL target not found
Refreshing native plugins compatible for Editor in 0.19 ms, found 0 plugins.
Preloading 0 native plugins for Editor in 0.00 ms.
Mono: successfully reloaded assembly
- Completed reload, in  0.956 seconds
Platform modules already initialized, skipping
========================================================================
Worker process is ready to serve import requests
Launched and connected shader compiler UnityShaderCompiler.exe after 0.05 seconds
Refreshing native plugins compatible for Editor in 0.19 ms, found 0 plugins.
Preloading 0 native plugins for Editor in 0.00 ms.
Unloading 1128 Unused Serialized files (Serialized files now loaded: 0)
System memory in use before: 57.6 MB.
System memory in use after: 57.7 MB.

Unloading 10 unused Assets to reduce memory usage. Loaded Objects now: 1571.
Total: 2.614200 ms (FindLiveObjects: 0.167400 ms CreateObjectMapping: 0.085700 ms MarkObjects: 2.233200 ms  DeleteObjects: 0.125400 ms)

========================================================================
Received Import Request.
  path: Assets/Prefabs/Cell.prefab
  artifactKey: Guid(dbc4c4bf14478ef409e17b791e0c4a5b) Importer(815301076,1909f56bfc062723c751e8b465ee728b)
Start importing Assets/Prefabs/Cell.prefab using Guid(dbc4c4bf14478ef409e17b791e0c4a5b) Importer(815301076,1909f56bfc062723c751e8b465ee728b)  -> (artifact id: 'd9f598c92d9ec27e9058407c798fdb93') in 0.107725 seconds
  Import took 0.113394 seconds .

========================================================================
Received Import Request.
  Time since last request: 1.114589 seconds.
  path: Assets/Prefabs/Cell.prefab
  artifactKey: Guid(dbc4c4bf14478ef409e17b791e0c4a5b) Importer(815301076,1909f56bfc062723c751e8b465ee728b)
Start importing Assets/Prefabs/Cell.prefab using Guid(dbc4c4bf14478ef409e17b791e0c4a5b) Importer(815301076,1909f56bfc062723c751e8b465ee728b)  -> (artifact id: 'd88513c5d004b910d082c97029ab9dea') in 0.015282 seconds
  Import took 0.019472 seconds .

========================================================================
Received Import Request.
  Time since last request: 6.451132 seconds.
  path: Assets/Prefabs/Cell.prefab
  artifactKey: Guid(dbc4c4bf14478ef409e17b791e0c4a5b) Importer(815301076,1909f56bfc062723c751e8b465ee728b)
Start importing Assets/Prefabs/Cell.prefab using Guid(dbc4c4bf14478ef409e17b791e0c4a5b) Importer(815301076,1909f56bfc062723c751e8b465ee728b)  -> (artifact id: 'f6a6a3566c21e503942e72ee88371db0') in 0.016091 seconds
  Import took 0.021282 seconds .

========================================================================
Received Import Request.
  Time since last request: 5.061548 seconds.
  path: Assets/Prefabs/Cell.prefab
  artifactKey: Guid(dbc4c4bf14478ef409e17b791e0c4a5b) Importer(815301076,1909f56bfc062723c751e8b465ee728b)
Start importing Assets/Prefabs/Cell.prefab using Guid(dbc4c4bf14478ef409e17b791e0c4a5b) Importer(815301076,1909f56bfc062723c751e8b465ee728b)  -> (artifact id: 'db1e4a96922b0f4f563cd582d52404de') in 0.014797 seconds
  Import took 0.019395 seconds .

========================================================================
Received Import Request.
  Time since last request: 1.590753 seconds.
  path: Assets/Prefabs/Cell.prefab
  artifactKey: Guid(dbc4c4bf14478ef409e17b791e0c4a5b) Importer(815301076,1909f56bfc062723c751e8b465ee728b)
Start importing Assets/Prefabs/Cell.prefab using Guid(dbc4c4bf14478ef409e17b791e0c4a5b) Importer(815301076,1909f56bfc062723c751e8b465ee728b)  -> (artifact id: 'f63c53a1bd89f5430a311f922182abd8') in 0.015596 seconds
  Import took 0.019973 seconds .

========================================================================
Received Import Request.
  Time since last request: 0.167247 seconds.
  path: Assets/Prefabs/Cell.prefab
  artifactKey: Guid(dbc4c4bf14478ef409e17b791e0c4a5b) Importer(815301076,1909f56bfc062723c751e8b465ee728b)
Start importing Assets/Prefabs/Cell.prefab using Guid(dbc4c4bf14478ef409e17b791e0c4a5b) Importer(815301076,1909f56bfc062723c751e8b465ee728b)  -> (artifact id: 'd158ff97dc319683a3bad257c2236140') in 0.016865 seconds
  Import took 0.020589 seconds .

========================================================================
Received Prepare
Registering precompiled user dll's ...
Registered in 0.000864 seconds.
Begin MonoManager ReloadAssembly
Native extension for Lumin target not found
Native extension for LinuxStandalone target not found
Native extension for WindowsStandalone target not found
Native extension for OSXStandalone target not found
Native extension for WebGL target not found
Refreshing native plugins compatible for Editor in 0.19 ms, found 0 plugins.
Preloading 0 native plugins for Editor in 0.00 ms.
Mono: successfully reloaded assembly
- Completed reload, in  0.877 seconds
Platform modules already initialized, skipping
Refreshing native plugins compatible for Editor in 0.24 ms, found 0 plugins.
Preloading 0 native plugins for Editor in 0.00 ms.
Unloading 1123 Unused Serialized files (Serialized files now loaded: 0)
System memory in use before: 60.7 MB.
System memory in use after: 60.8 MB.

Unloading 5 unused Assets to reduce memory usage. Loaded Objects now: 1582.
Total: 5.147800 ms (FindLiveObjects: 1.134700 ms CreateObjectMapping: 1.148500 ms MarkObjects: 2.810200 ms  DeleteObjects: 0.052300 ms)

========================================================================
Received Import Request.
  Time since last request: 60.296838 seconds.
  path: Assets/Prefabs/Cell.prefab
  artifactKey: Guid(dbc4c4bf14478ef409e17b791e0c4a5b) Importer(815301076,1909f56bfc062723c751e8b465ee728b)
Start importing Assets/Prefabs/Cell.prefab using Guid(dbc4c4bf14478ef409e17b791e0c4a5b) Importer(815301076,1909f56bfc062723c751e8b465ee728b)  -> (artifact id: 'ed5757aeab5688a5bd372f0dbf7a6495') in 0.067414 seconds
  Import took 0.071166 seconds .

========================================================================
Received Prepare
Registering precompiled user dll's ...
Registered in 0.000842 seconds.
Begin MonoManager ReloadAssembly
Native extension for Lumin target not found
Native extension for LinuxStandalone target not found
Native extension for WindowsStandalone target not found
Native extension for OSXStandalone target not found
Native extension for WebGL target not found
Refreshing native plugins compatible for Editor in 0.21 ms, found 0 plugins.
Preloading 0 native plugins for Editor in 0.00 ms.
Mono: successfully reloaded assembly
- Completed reload, in  0.837 seconds
Platform modules already initialized, skipping
Refreshing native plugins compatible for Editor in 0.19 ms, found 0 plugins.
Preloading 0 native plugins for Editor in 0.00 ms.
Unloading 1123 Unused Serialized files (Serialized files now loaded: 0)
System memory in use before: 60.7 MB.
System memory in use after: 60.8 MB.

Unloading 5 unused Assets to reduce memory usage. Loaded Objects now: 1586.
Total: 3.954200 ms (FindLiveObjects: 0.249400 ms CreateObjectMapping: 0.077000 ms MarkObjects: 3.522100 ms  DeleteObjects: 0.103300 ms)

========================================================================
Received Prepare
Registering precompiled user dll's ...
Registered in 0.000766 seconds.
Begin MonoManager ReloadAssembly
Native extension for Lumin target not found
Native extension for LinuxStandalone target not found
Native extension for WindowsStandalone target not found
Native extension for OSXStandalone target not found
Native extension for WebGL target not found
Refreshing native plugins compatible for Editor in 0.20 ms, found 0 plugins.
Preloading 0 native plugins for Editor in 0.00 ms.
Mono: successfully reloaded assembly
- Completed reload, in  0.837 seconds
Platform modules already initialized, skipping
Refreshing native plugins compatible for Editor in 0.19 ms, found 0 plugins.
Preloading 0 native plugins for Editor in 0.00 ms.
Unloading 1123 Unused Serialized files (Serialized files now loaded: 0)
System memory in use before: 60.7 MB.
System memory in use after: 60.8 MB.

Unloading 5 unused Assets to reduce memory usage. Loaded Objects now: 1589.
Total: 5.741500 ms (FindLiveObjects: 0.200000 ms CreateObjectMapping: 0.063800 ms MarkObjects: 5.369600 ms  DeleteObjects: 0.105300 ms)

========================================================================
Received Prepare
Registering precompiled user dll's ...
Registered in 0.000785 seconds.
Begin MonoManager ReloadAssembly
Native extension for Lumin target not found
Native extension for LinuxStandalone target not found
Native extension for WindowsStandalone target not found
Native extension for OSXStandalone target not found
Native extension for WebGL target not found
Refreshing native plugins compatible for Editor in 0.22 ms, found 0 plugins.
Preloading 0 native plugins for Editor in 0.00 ms.
Mono: successfully reloaded assembly
- Completed reload, in  0.886 seconds
Platform modules already initialized, skipping
Refreshing native plugins compatible for Editor in 0.45 ms, found 0 plugins.
Preloading 0 native plugins for Editor in 0.00 ms.
Unloading 1123 Unused Serialized files (Serialized files now loaded: 0)
System memory in use before: 60.7 MB.
System memory in use after: 60.8 MB.

Unloading 5 unused Assets to reduce memory usage. Loaded Objects now: 1592.
Total: 2.376900 ms (FindLiveObjects: 0.136400 ms CreateObjectMapping: 0.040000 ms MarkObjects: 2.128200 ms  DeleteObjects: 0.071000 ms)

========================================================================
Received Prepare
Registering precompiled user dll's ...
Registered in 0.000795 seconds.
Begin MonoManager ReloadAssembly
Native extension for Lumin target not found
Native extension for LinuxStandalone target not found
Native extension for WindowsStandalone target not found
Native extension for OSXStandalone target not found
Native extension for WebGL target not found
Refreshing native plugins compatible for Editor in 0.21 ms, found 0 plugins.
Preloading 0 native plugins for Editor in 0.00 ms.
Mono: successfully reloaded assembly
- Completed reload, in  0.812 seconds
Platform modules already initialized, skipping
Refreshing native plugins compatible for Editor in 0.19 ms, found 0 plugins.
Preloading 0 native plugins for Editor in 0.00 ms.
Unloading 1123 Unused Serialized files (Serialized files now loaded: 0)
System memory in use before: 60.8 MB.
System memory in use after: 60.8 MB.

Unloading 5 unused Assets to reduce memory usage. Loaded Objects now: 1595.
Total: 1.450500 ms (FindLiveObjects: 0.125900 ms CreateObjectMapping: 0.032800 ms MarkObjects: 1.244700 ms  DeleteObjects: 0.045400 ms)

========================================================================
Received Import Request.
  Time since last request: 539.002017 seconds.
  path: Assets/Prefabs/BackGroundCell.prefab
  artifactKey: Guid(499c26bd83d88e64188fc9e47d7e7169) Importer(815301076,1909f56bfc062723c751e8b465ee728b)
Start importing Assets/Prefabs/BackGroundCell.prefab using Guid(499c26bd83d88e64188fc9e47d7e7169) Importer(815301076,1909f56bfc062723c751e8b465ee728b)  -> (artifact id: '32dcf4f357db2d83b115a57c1c3711c8') in 0.057204 seconds
  Import took 0.061472 seconds .

========================================================================
Received Import Request.
  Time since last request: 14.547045 seconds.
  path: Assets/Prefabs/BackGroundCell.prefab
  artifactKey: Guid(499c26bd83d88e64188fc9e47d7e7169) Importer(815301076,1909f56bfc062723c751e8b465ee728b)
Start importing Assets/Prefabs/BackGroundCell.prefab using Guid(499c26bd83d88e64188fc9e47d7e7169) Importer(815301076,1909f56bfc062723c751e8b465ee728b)  -> (artifact id: '29455647ffb49457348b2a04fb5823c7') in 0.014027 seconds
  Import took 0.018441 seconds .

========================================================================
Received Import Request.
  Time since last request: 5.456699 seconds.
  path: Assets/Prefabs/BackGroundCell.prefab
  artifactKey: Guid(499c26bd83d88e64188fc9e47d7e7169) Importer(815301076,1909f56bfc062723c751e8b465ee728b)
Start importing Assets/Prefabs/BackGroundCell.prefab using Guid(499c26bd83d88e64188fc9e47d7e7169) Importer(815301076,1909f56bfc062723c751e8b465ee728b)  -> (artifact id: '24637fd3bccee61629c66101a0cfd6a5') in 0.009584 seconds
  Import took 0.014362 seconds .

========================================================================
Received Import Request.
  Time since last request: 2.190070 seconds.
  path: Assets/Prefabs/BackGroundCell.prefab
  artifactKey: Guid(499c26bd83d88e64188fc9e47d7e7169) Importer(815301076,1909f56bfc062723c751e8b465ee728b)
Start importing Assets/Prefabs/BackGroundCell.prefab using Guid(499c26bd83d88e64188fc9e47d7e7169) Importer(815301076,1909f56bfc062723c751e8b465ee728b)  -> (artifact id: '67299bf3128302f2baa4d35096715293') in 0.010838 seconds
  Import took 0.015336 seconds .

========================================================================
Received Import Request.
  Time since last request: 2.110729 seconds.
  path: Assets/Prefabs/BackGroundCell.prefab
  artifactKey: Guid(499c26bd83d88e64188fc9e47d7e7169) Importer(815301076,1909f56bfc062723c751e8b465ee728b)
Start importing Assets/Prefabs/BackGroundCell.prefab using Guid(499c26bd83d88e64188fc9e47d7e7169) Importer(815301076,1909f56bfc062723c751e8b465ee728b)  -> (artifact id: '793dad1ece9003bd2b0c3b04f9dc4955') in 0.011315 seconds
  Import took 0.017172 seconds .

========================================================================
Received Prepare
Registering precompiled user dll's ...
Registered in 0.000808 seconds.
Begin MonoManager ReloadAssembly
Native extension for Lumin target not found
Native extension for LinuxStandalone target not found
Native extension for WindowsStandalone target not found
Native extension for OSXStandalone target not found
Native extension for WebGL target not found
Refreshing native plugins compatible for Editor in 0.20 ms, found 0 plugins.
Preloading 0 native plugins for Editor in 0.00 ms.
Mono: successfully reloaded assembly
- Completed reload, in  0.780 seconds
Platform modules already initialized, skipping
Refreshing native plugins compatible for Editor in 0.19 ms, found 0 plugins.
Preloading 0 native plugins for Editor in 0.00 ms.
Unloading 1123 Unused Serialized files (Serialized files now loaded: 0)
System memory in use before: 60.8 MB.
System memory in use after: 60.9 MB.

Unloading 6 unused Assets to reduce memory usage. Loaded Objects now: 1599.
Total: 1.593600 ms (FindLiveObjects: 0.118200 ms CreateObjectMapping: 0.031800 ms MarkObjects: 1.380000 ms  DeleteObjects: 0.062400 ms)

========================================================================
Received Import Request.
  Time since last request: 42.653312 seconds.
  path: Assets/Prefabs/BackGroundCell.prefab
  artifactKey: Guid(499c26bd83d88e64188fc9e47d7e7169) Importer(815301076,1909f56bfc062723c751e8b465ee728b)
Start importing Assets/Prefabs/BackGroundCell.prefab using Guid(499c26bd83d88e64188fc9e47d7e7169) Importer(815301076,1909f56bfc062723c751e8b465ee728b)  -> (artifact id: '451d661f2b1a762778b86baaf3fb3d0f') in 0.052883 seconds
  Import took 0.058165 seconds .

========================================================================
Received Import Request.
  Time since last request: 1.300940 seconds.
  path: Assets/Prefabs/BackGroundCell.prefab
  artifactKey: Guid(499c26bd83d88e64188fc9e47d7e7169) Importer(815301076,1909f56bfc062723c751e8b465ee728b)
Start importing Assets/Prefabs/BackGroundCell.prefab using Guid(499c26bd83d88e64188fc9e47d7e7169) Importer(815301076,1909f56bfc062723c751e8b465ee728b)  -> (artifact id: '6cc462dbca7799be9159a8bbb61ef5e8') in 0.010767 seconds
  Import took 0.015345 seconds .

========================================================================
Received Prepare
Registering precompiled user dll's ...
Registered in 0.000962 seconds.
Begin MonoManager ReloadAssembly
Native extension for Lumin target not found
Native extension for LinuxStandalone target not found
Native extension for WindowsStandalone target not found
Native extension for OSXStandalone target not found
Native extension for WebGL target not found
Refreshing native plugins compatible for Editor in 0.37 ms, found 0 plugins.
Preloading 0 native plugins for Editor in 0.00 ms.
Mono: successfully reloaded assembly
- Completed reload, in  0.944 seconds
Platform modules already initialized, skipping
Refreshing native plugins compatible for Editor in 0.20 ms, found 0 plugins.
Preloading 0 native plugins for Editor in 0.00 ms.
Unloading 1123 Unused Serialized files (Serialized files now loaded: 0)
System memory in use before: 60.8 MB.
System memory in use after: 60.9 MB.

Unloading 6 unused Assets to reduce memory usage. Loaded Objects now: 1603.
Total: 5.376400 ms (FindLiveObjects: 0.131600 ms CreateObjectMapping: 0.641000 ms MarkObjects: 4.550600 ms  DeleteObjects: 0.051700 ms)

========================================================================
Received Prepare
Registering precompiled user dll's ...
Registered in 0.000849 seconds.
Begin MonoManager ReloadAssembly
Native extension for Lumin target not found
Native extension for LinuxStandalone target not found
Native extension for WindowsStandalone target not found
Native extension for OSXStandalone target not found
Native extension for WebGL target not found
Refreshing native plugins compatible for Editor in 0.31 ms, found 0 plugins.
Preloading 0 native plugins for Editor in 0.00 ms.
Mono: successfully reloaded assembly
- Completed reload, in  0.848 seconds
Platform modules already initialized, skipping
Refreshing native plugins compatible for Editor in 0.19 ms, found 0 plugins.
Preloading 0 native plugins for Editor in 0.00 ms.
Unloading 1123 Unused Serialized files (Serialized files now loaded: 0)
System memory in use before: 60.8 MB.
System memory in use after: 60.9 MB.

Unloading 5 unused Assets to reduce memory usage. Loaded Objects now: 1606.
Total: 4.698800 ms (FindLiveObjects: 0.211000 ms CreateObjectMapping: 0.166200 ms MarkObjects: 4.252600 ms  DeleteObjects: 0.067300 ms)

========================================================================
Received Import Request.
  Time since last request: 134.601737 seconds.
  path: Assets/Prefabs/Cell.prefab
  artifactKey: Guid(dbc4c4bf14478ef409e17b791e0c4a5b) Importer(815301076,1909f56bfc062723c751e8b465ee728b)
Start importing Assets/Prefabs/Cell.prefab using Guid(dbc4c4bf14478ef409e17b791e0c4a5b) Importer(815301076,1909f56bfc062723c751e8b465ee728b)  -> (artifact id: '280b196cf0fcb136735e3f651a610a63') in 0.070686 seconds
  Import took 0.074251 seconds .

========================================================================
Received Prepare
Registering precompiled user dll's ...
Registered in 0.003338 seconds.
Begin MonoManager ReloadAssembly
Native extension for Lumin target not found
Native extension for LinuxStandalone target not found
Native extension for WindowsStandalone target not found
Native extension for OSXStandalone target not found
Native extension for WebGL target not found
Refreshing native plugins compatible for Editor in 0.20 ms, found 0 plugins.
Preloading 0 native plugins for Editor in 0.00 ms.
Mono: successfully reloaded assembly
- Completed reload, in  0.854 seconds
Platform modules already initialized, skipping
Refreshing native plugins compatible for Editor in 0.26 ms, found 0 plugins.
Preloading 0 native plugins for Editor in 0.00 ms.
Unloading 1123 Unused Serialized files (Serialized files now loaded: 0)
System memory in use before: 60.8 MB.
System memory in use after: 60.9 MB.

Unloading 5 unused Assets to reduce memory usage. Loaded Objects now: 1610.
Total: 1.366100 ms (FindLiveObjects: 0.113100 ms CreateObjectMapping: 0.030400 ms MarkObjects: 1.178600 ms  DeleteObjects: 0.043100 ms)

========================================================================
Received Prepare
Registering precompiled user dll's ...
Registered in 0.000782 seconds.
Begin MonoManager ReloadAssembly
Native extension for Lumin target not found
Native extension for LinuxStandalone target not found
Native extension for WindowsStandalone target not found
Native extension for OSXStandalone target not found
Native extension for WebGL target not found
Refreshing native plugins compatible for Editor in 0.25 ms, found 0 plugins.
Preloading 0 native plugins for Editor in 0.00 ms.
Mono: successfully reloaded assembly
- Completed reload, in  0.814 seconds
Platform modules already initialized, skipping
Refreshing native plugins compatible for Editor in 0.22 ms, found 0 plugins.
Preloading 0 native plugins for Editor in 0.00 ms.
Unloading 1123 Unused Serialized files (Serialized files now loaded: 0)
System memory in use before: 60.8 MB.
System memory in use after: 60.9 MB.

Unloading 5 unused Assets to reduce memory usage. Loaded Objects now: 1613.
Total: 1.892800 ms (FindLiveObjects: 0.141800 ms CreateObjectMapping: 0.037300 ms MarkObjects: 1.653800 ms  DeleteObjects: 0.058100 ms)

========================================================================
Received Prepare
Registering precompiled user dll's ...
Registered in 0.000806 seconds.
Begin MonoManager ReloadAssembly
Native extension for Lumin target not found
Native extension for LinuxStandalone target not found
Native extension for WindowsStandalone target not found
Native extension for OSXStandalone target not found
Native extension for WebGL target not found
Refreshing native plugins compatible for Editor in 0.20 ms, found 0 plugins.
Preloading 0 native plugins for Editor in 0.00 ms.
Mono: successfully reloaded assembly
- Completed reload, in  0.889 seconds
Platform modules already initialized, skipping
Refreshing native plugins compatible for Editor in 0.23 ms, found 0 plugins.
Preloading 0 native plugins for Editor in 0.00 ms.
Unloading 1123 Unused Serialized files (Serialized files now loaded: 0)
System memory in use before: 60.8 MB.
System memory in use after: 60.9 MB.

Unloading 5 unused Assets to reduce memory usage. Loaded Objects now: 1616.
Total: 1.597000 ms (FindLiveObjects: 0.152500 ms CreateObjectMapping: 0.029900 ms MarkObjects: 1.365500 ms  DeleteObjects: 0.047600 ms)

========================================================================
Received Prepare
Registering precompiled user dll's ...
Registered in 0.000802 seconds.
Begin MonoManager ReloadAssembly
Native extension for Lumin target not found
Native extension for LinuxStandalone target not found
Native extension for WindowsStandalone target not found
Native extension for OSXStandalone target not found
Native extension for WebGL target not found
Refreshing native plugins compatible for Editor in 0.21 ms, found 0 plugins.
Preloading 0 native plugins for Editor in 0.00 ms.
Mono: successfully reloaded assembly
- Completed reload, in  0.841 seconds
Platform modules already initialized, skipping
Refreshing native plugins compatible for Editor in 0.27 ms, found 0 plugins.
Preloading 0 native plugins for Editor in 0.00 ms.
Unloading 1123 Unused Serialized files (Serialized files now loaded: 0)
System memory in use before: 60.9 MB.
System memory in use after: 61.0 MB.

Unloading 5 unused Assets to reduce memory usage. Loaded Objects now: 1619.
Total: 1.955300 ms (FindLiveObjects: 0.150600 ms CreateObjectMapping: 0.082900 ms MarkObjects: 1.670900 ms  DeleteObjects: 0.049200 ms)

========================================================================
Received Prepare
Registering precompiled user dll's ...
Registered in 0.002370 seconds.
Begin MonoManager ReloadAssembly
Native extension for Lumin target not found
Native extension for LinuxStandalone target not found
Native extension for WindowsStandalone target not found
Native extension for OSXStandalone target not found
Native extension for WebGL target not found
Refreshing native plugins compatible for Editor in 0.22 ms, found 0 plugins.
Preloading 0 native plugins for Editor in 0.00 ms.
Mono: successfully reloaded assembly
- Completed reload, in  1.049 seconds
Platform modules already initialized, skipping
Refreshing native plugins compatible for Editor in 0.20 ms, found 0 plugins.
Preloading 0 native plugins for Editor in 0.00 ms.
Unloading 1123 Unused Serialized files (Serialized files now loaded: 0)
System memory in use before: 60.9 MB.
System memory in use after: 61.0 MB.

Unloading 5 unused Assets to reduce memory usage. Loaded Objects now: 1622.
Total: 4.548900 ms (FindLiveObjects: 0.198700 ms CreateObjectMapping: 0.050400 ms MarkObjects: 4.247300 ms  DeleteObjects: 0.050100 ms)

========================================================================
Received Prepare
Registering precompiled user dll's ...
Registered in 0.000785 seconds.
Begin MonoManager ReloadAssembly
Native extension for Lumin target not found
Native extension for LinuxStandalone target not found
Native extension for WindowsStandalone target not found
Native extension for OSXStandalone target not found
Native extension for WebGL target not found
Refreshing native plugins compatible for Editor in 0.22 ms, found 0 plugins.
Preloading 0 native plugins for Editor in 0.00 ms.
Mono: successfully reloaded assembly
- Completed reload, in  0.878 seconds
Platform modules already initialized, skipping
Refreshing native plugins compatible for Editor in 0.19 ms, found 0 plugins.
Preloading 0 native plugins for Editor in 0.00 ms.
Unloading 1123 Unused Serialized files (Serialized files now loaded: 0)
System memory in use before: 60.9 MB.
System memory in use after: 61.0 MB.

Unloading 5 unused Assets to reduce memory usage. Loaded Objects now: 1625.
Total: 4.776000 ms (FindLiveObjects: 0.223700 ms CreateObjectMapping: 0.061300 ms MarkObjects: 3.703000 ms  DeleteObjects: 0.785100 ms)

========================================================================
Received Prepare
Registering precompiled user dll's ...
Registered in 0.001028 seconds.
Begin MonoManager ReloadAssembly
Native extension for Lumin target not found
Native extension for LinuxStandalone target not found
Native extension for WindowsStandalone target not found
Native extension for OSXStandalone target not found
Native extension for WebGL target not found
Refreshing native plugins compatible for Editor in 0.22 ms, found 0 plugins.
Preloading 0 native plugins for Editor in 0.00 ms.
Mono: successfully reloaded assembly
- Completed reload, in  0.858 seconds
Platform modules already initialized, skipping
Refreshing native plugins compatible for Editor in 3.56 ms, found 0 plugins.
Preloading 0 native plugins for Editor in 0.00 ms.
Unloading 1123 Unused Serialized files (Serialized files now loaded: 0)
System memory in use before: 60.9 MB.
System memory in use after: 61.0 MB.

Unloading 5 unused Assets to reduce memory usage. Loaded Objects now: 1628.
Total: 1.809200 ms (FindLiveObjects: 0.129100 ms CreateObjectMapping: 0.036900 ms MarkObjects: 1.592700 ms  DeleteObjects: 0.049000 ms)

========================================================================
Received Prepare
Registering precompiled user dll's ...
Registered in 0.001162 seconds.
Begin MonoManager ReloadAssembly
Native extension for Lumin target not found
Native extension for LinuxStandalone target not found
Native extension for WindowsStandalone target not found
Native extension for OSXStandalone target not found
Native extension for WebGL target not found
Refreshing native plugins compatible for Editor in 0.20 ms, found 0 plugins.
Preloading 0 native plugins for Editor in 0.00 ms.
Mono: successfully reloaded assembly
- Completed reload, in  0.881 seconds
Platform modules already initialized, skipping
Refreshing native plugins compatible for Editor in 0.20 ms, found 0 plugins.
Preloading 0 native plugins for Editor in 0.00 ms.
Unloading 1123 Unused Serialized files (Serialized files now loaded: 0)
System memory in use before: 60.9 MB.
System memory in use after: 61.0 MB.

Unloading 5 unused Assets to reduce memory usage. Loaded Objects now: 1631.
Total: 4.667100 ms (FindLiveObjects: 0.172300 ms CreateObjectMapping: 0.049800 ms MarkObjects: 4.387300 ms  DeleteObjects: 0.055600 ms)

========================================================================
Received Prepare
Registering precompiled user dll's ...
Registered in 0.000837 seconds.
Begin MonoManager ReloadAssembly
Native extension for Lumin target not found
Native extension for LinuxStandalone target not found
Native extension for WindowsStandalone target not found
Native extension for OSXStandalone target not found
Native extension for WebGL target not found
Refreshing native plugins compatible for Editor in 0.19 ms, found 0 plugins.
Preloading 0 native plugins for Editor in 0.00 ms.
Mono: successfully reloaded assembly
- Completed reload, in  0.881 seconds
Platform modules already initialized, skipping
Refreshing native plugins compatible for Editor in 0.43 ms, found 0 plugins.
Preloading 0 native plugins for Editor in 0.00 ms.
Unloading 1123 Unused Serialized files (Serialized files now loaded: 0)
System memory in use before: 60.9 MB.
System memory in use after: 61.0 MB.

Unloading 5 unused Assets to reduce memory usage. Loaded Objects now: 1634.
Total: 6.421700 ms (FindLiveObjects: 0.331700 ms CreateObjectMapping: 0.106500 ms MarkObjects: 5.921100 ms  DeleteObjects: 0.052100 ms)

========================================================================
Received Prepare
Registering precompiled user dll's ...
Registered in 0.000782 seconds.
Begin MonoManager ReloadAssembly
Native extension for Lumin target not found
Native extension for LinuxStandalone target not found
Native extension for WindowsStandalone target not found
Native extension for OSXStandalone target not found
Native extension for WebGL target not found
Refreshing native plugins compatible for Editor in 0.19 ms, found 0 plugins.
Preloading 0 native plugins for Editor in 0.00 ms.
Mono: successfully reloaded assembly
- Completed reload, in  0.871 seconds
Platform modules already initialized, skipping
Refreshing native plugins compatible for Editor in 0.31 ms, found 0 plugins.
Preloading 0 native plugins for Editor in 0.00 ms.
Unloading 1123 Unused Serialized files (Serialized files now loaded: 0)
System memory in use before: 60.9 MB.
System memory in use after: 60.9 MB.

Unloading 5 unused Assets to reduce memory usage. Loaded Objects now: 1637.
Total: 5.104900 ms (FindLiveObjects: 0.204000 ms CreateObjectMapping: 0.079400 ms MarkObjects: 3.940000 ms  DeleteObjects: 0.878900 ms)

========================================================================
Received Prepare
Registering precompiled user dll's ...
Registered in 0.000902 seconds.
Begin MonoManager ReloadAssembly
Native extension for Lumin target not found
Native extension for LinuxStandalone target not found
Native extension for WindowsStandalone target not found
Native extension for OSXStandalone target not found
Native extension for WebGL target not found
Refreshing native plugins compatible for Editor in 0.24 ms, found 0 plugins.
Preloading 0 native plugins for Editor in 0.00 ms.
Mono: successfully reloaded assembly
- Completed reload, in  0.815 seconds
Platform modules already initialized, skipping
Refreshing native plugins compatible for Editor in 0.20 ms, found 0 plugins.
Preloading 0 native plugins for Editor in 0.00 ms.
Unloading 1123 Unused Serialized files (Serialized files now loaded: 0)
System memory in use before: 60.9 MB.
System memory in use after: 60.9 MB.

Unloading 5 unused Assets to reduce memory usage. Loaded Objects now: 1640.
Total: 1.597500 ms (FindLiveObjects: 0.130400 ms CreateObjectMapping: 0.034200 ms MarkObjects: 1.384500 ms  DeleteObjects: 0.047100 ms)

========================================================================
Received Import Request.
  Time since last request: 2529.223152 seconds.
  path: Assets/Prefabs/BackGroundCell.prefab
  artifactKey: Guid(499c26bd83d88e64188fc9e47d7e7169) Importer(815301076,1909f56bfc062723c751e8b465ee728b)
Start importing Assets/Prefabs/BackGroundCell.prefab using Guid(499c26bd83d88e64188fc9e47d7e7169) Importer(815301076,1909f56bfc062723c751e8b465ee728b)  -> (artifact id: 'caa28c70a9f85156c249742fb0c097ef') in 0.058555 seconds
  Import took 0.063505 seconds .

========================================================================
Received Import Request.
  Time since last request: 3.751291 seconds.
  path: Assets/Prefabs/BackGroundCell.prefab
  artifactKey: Guid(499c26bd83d88e64188fc9e47d7e7169) Importer(815301076,1909f56bfc062723c751e8b465ee728b)
Start importing Assets/Prefabs/BackGroundCell.prefab using Guid(499c26bd83d88e64188fc9e47d7e7169) Importer(815301076,1909f56bfc062723c751e8b465ee728b)  -> (artifact id: 'deac70398215ce91f4e254d5b336b636') in 0.010346 seconds
  Import took 0.014236 seconds .

