Using pre-set license
Built from '2020.3/release' branch; Version is '2020.3.7f1 (dd97f2c94397) revision 14522354'; Using compiler version '192528614'; Build Type 'Release'
OS: 'Windows 10 Home; OS build 19042.1110; Version 2009; 64bit' Language: 'ru' Physical Memory: 16326 MB
BatchMode: 1, IsHumanControllingUs: 0, StartBugReporterOnCrash: 0, Is64bit: 1, IsPro: 0

 COMMAND LINE ARGUMENTS:
C:\Program Files\Unity\Hub\Editor\2020.3.7f1\Editor\Unity.exe
-adb2
-batchMode
-noUpm
-name
AssetImportWorker0
-projectPath
C:/Users/korob/OneDrive/Документы/GitHub/2048/2048
-logFile
Logs/AssetImportWorker0.log
-srvPort
60912
Successfully changed project path to: C:/Users/korob/OneDrive/Документы/GitHub/2048/2048
C:/Users/korob/OneDrive/Документы/GitHub/2048/2048
Using Asset Import Pipeline V2.
Refreshing native plugins compatible for Editor in 27.17 ms, found 0 plugins.
Preloading 0 native plugins for Editor in 0.00 ms.
Initialize engine version: 2020.3.7f1 (dd97f2c94397)
[Subsystems] Discovering subsystems at path C:/Program Files/Unity/Hub/Editor/2020.3.7f1/Editor/Data/Resources/UnitySubsystems
[Subsystems] Discovering subsystems at path C:/Users/korob/OneDrive/Документы/GitHub/2048/2048/Assets
GfxDevice: creating device client; threaded=0
Direct3D:
    Version:  Direct3D 11.0 [level 11.1]
    Renderer: NVIDIA GeForce RTX 2070 (ID=0x1f02)
    Vendor:   
    VRAM:     8031 MB
    Driver:   27.21.14.6627
Initialize mono
Mono path[0] = 'C:/Program Files/Unity/Hub/Editor/2020.3.7f1/Editor/Data/Managed'
Mono path[1] = 'C:/Program Files/Unity/Hub/Editor/2020.3.7f1/Editor/Data/MonoBleedingEdge/lib/mono/unityjit'
Mono config path = 'C:/Program Files/Unity/Hub/Editor/2020.3.7f1/Editor/Data/MonoBleedingEdge/etc'
Using monoOptions --debugger-agent=transport=dt_socket,embedding=1,server=y,suspend=n,address=127.0.0.1:56272
Begin MonoManager ReloadAssembly
Registering precompiled unity dll's ...
Register platform support module: C:/Program Files/Unity/Hub/Editor/2020.3.7f1/Editor/Data/PlaybackEngines/WebGLSupport/UnityEditor.WebGL.Extensions.dll
Register platform support module: C:/Program Files/Unity/Hub/Editor/2020.3.7f1/Editor/Data/PlaybackEngines/MacStandaloneSupport/UnityEditor.OSXStandalone.Extensions.dll
Register platform support module: C:/Program Files/Unity/Hub/Editor/2020.3.7f1/Editor/Data/PlaybackEngines/WindowsStandaloneSupport/UnityEditor.WindowsStandalone.Extensions.dll
Register platform support module: C:/Program Files/Unity/Hub/Editor/2020.3.7f1/Editor/Data/PlaybackEngines/LinuxStandaloneSupport/UnityEditor.LinuxStandalone.Extensions.dll
Register platform support module: C:/Program Files/Unity/Hub/Editor/2020.3.7f1/Editor/Data/PlaybackEngines/LuminSupport/UnityEditor.Lumin.Extensions.dll
Registered in 0.006205 seconds.
Native extension for Lumin target not found
Native extension for LinuxStandalone target not found
Native extension for WindowsStandalone target not found
Native extension for OSXStandalone target not found
Native extension for WebGL target not found
Refreshing native plugins compatible for Editor in 24.28 ms, found 0 plugins.
Preloading 0 native plugins for Editor in 0.00 ms.
Mono: successfully reloaded assembly
- Completed reload, in  9.487 seconds
Platform modules already initialized, skipping
Registering precompiled user dll's ...
Registered in 0.001054 seconds.
Begin MonoManager ReloadAssembly
Native extension for Lumin target not found
Native extension for LinuxStandalone target not found
Native extension for WindowsStandalone target not found
Native extension for OSXStandalone target not found
Native extension for WebGL target not found
Refreshing native plugins compatible for Editor in 0.20 ms, found 0 plugins.
Preloading 0 native plugins for Editor in 0.00 ms.
Mono: successfully reloaded assembly
- Completed reload, in  0.893 seconds
Platform modules already initialized, skipping
========================================================================
Worker process is ready to serve import requests
Launched and connected shader compiler UnityShaderCompiler.exe after 0.06 seconds
Refreshing native plugins compatible for Editor in 0.22 ms, found 0 plugins.
Preloading 0 native plugins for Editor in 0.00 ms.
Unloading 1146 Unused Serialized files (Serialized files now loaded: 0)
System memory in use before: 63.9 MB.
System memory in use after: 63.9 MB.

Unloading 10 unused Assets to reduce memory usage. Loaded Objects now: 1601.
Total: 1.488100 ms (FindLiveObjects: 0.135100 ms CreateObjectMapping: 0.040900 ms MarkObjects: 1.244600 ms  DeleteObjects: 0.066200 ms)

========================================================================
Received Import Request.
  path: Assets/Scripts/SwipeInput.cs
  artifactKey: Guid(61f5d9a3bb99d5e4d95f377320a65c84) Importer(815301076,1909f56bfc062723c751e8b465ee728b)
Start importing Assets/Scripts/SwipeInput.cs using Guid(61f5d9a3bb99d5e4d95f377320a65c84) Importer(815301076,1909f56bfc062723c751e8b465ee728b)  -> (artifact id: '08e36860923eac8815583ca69b7bc157') in 0.046393 seconds
  Import took 0.050680 seconds .

========================================================================
Received Prepare
Registering precompiled user dll's ...
Registered in 0.000847 seconds.
Begin MonoManager ReloadAssembly
Native extension for Lumin target not found
Native extension for LinuxStandalone target not found
Native extension for WindowsStandalone target not found
Native extension for OSXStandalone target not found
Native extension for WebGL target not found
Refreshing native plugins compatible for Editor in 0.20 ms, found 0 plugins.
Preloading 0 native plugins for Editor in 0.00 ms.
Mono: successfully reloaded assembly
- Completed reload, in  0.779 seconds
Platform modules already initialized, skipping
Switching build target platform(5) subTarget(0) extendedPlatform(0) -> platform(13) subTarget(537395200) extendedPlatform(0)
Refreshing native plugins compatible for Editor in 0.20 ms, found 0 plugins.
Preloading 0 native plugins for Editor in 0.00 ms.
Unloading 1144 Unused Serialized files (Serialized files now loaded: 0)
System memory in use before: 63.6 MB.
System memory in use after: 63.7 MB.

Unloading 5 unused Assets to reduce memory usage. Loaded Objects now: 1604.
Total: 1.567400 ms (FindLiveObjects: 0.120000 ms CreateObjectMapping: 0.035600 ms MarkObjects: 1.369200 ms  DeleteObjects: 0.041600 ms)

AssetImportParameters requested are different than current active one (requested -> active):
  custom:graphics/normal-map-encoding: 01000000000000000000000000000000 -> 02000000000000000000000000000000
========================================================================
Received Import Request.
  Time since last request: 21.904655 seconds.
  path: Assets/Scripts/SwipeInput.cs
  artifactKey: Guid(61f5d9a3bb99d5e4d95f377320a65c84) Importer(815301076,1909f56bfc062723c751e8b465ee728b)
Start importing Assets/Scripts/SwipeInput.cs using Guid(61f5d9a3bb99d5e4d95f377320a65c84) Importer(815301076,1909f56bfc062723c751e8b465ee728b)  -> (artifact id: 'c8082355384b8ada29d7c36a91b5b259') in 0.004407 seconds
  Import took 0.008288 seconds .

========================================================================
Received Import Request.
  Time since last request: 28.540631 seconds.
  path: Assets/Models/cube 2.fbx
  artifactKey: Guid(209d908bb3ed5074391c176bc0a8028e) Importer(815301076,1909f56bfc062723c751e8b465ee728b)
Start importing Assets/Models/cube 2.fbx using Guid(209d908bb3ed5074391c176bc0a8028e) Importer(815301076,1909f56bfc062723c751e8b465ee728b)  -> (artifact id: '96980004992a7459ed648a04cd33027e') in 0.128140 seconds
  Import took 0.132222 seconds .

========================================================================
Received Import Request.
  Time since last request: 0.605648 seconds.
  path: Assets/Prefabs/Cell.prefab
  artifactKey: Guid(dbc4c4bf14478ef409e17b791e0c4a5b) Importer(815301076,1909f56bfc062723c751e8b465ee728b)
Start importing Assets/Prefabs/Cell.prefab using Guid(dbc4c4bf14478ef409e17b791e0c4a5b) Importer(815301076,1909f56bfc062723c751e8b465ee728b)  -> (artifact id: '6b8c5bae7f7f15123580630fbb44704b') in 0.018480 seconds
  Import took 0.022970 seconds .

========================================================================
Received Prepare
Registering precompiled user dll's ...
Registered in 0.000833 seconds.
Begin MonoManager ReloadAssembly
Native extension for Lumin target not found
Native extension for LinuxStandalone target not found
Native extension for WindowsStandalone target not found
Native extension for OSXStandalone target not found
Native extension for WebGL target not found
Refreshing native plugins compatible for Editor in 0.19 ms, found 0 plugins.
Preloading 0 native plugins for Editor in 0.00 ms.
Mono: successfully reloaded assembly
- Completed reload, in  0.783 seconds
Platform modules already initialized, skipping
Switching build target platform(5) subTarget(0) extendedPlatform(0) -> platform(13) subTarget(537395200) extendedPlatform(0)
Refreshing native plugins compatible for Editor in 0.20 ms, found 0 plugins.
Preloading 0 native plugins for Editor in 0.00 ms.
Unloading 1144 Unused Serialized files (Serialized files now loaded: 0)
System memory in use before: 67.0 MB.
System memory in use after: 67.1 MB.

Unloading 6 unused Assets to reduce memory usage. Loaded Objects now: 1617.
Total: 1.537600 ms (FindLiveObjects: 0.118900 ms CreateObjectMapping: 0.033900 ms MarkObjects: 1.337000 ms  DeleteObjects: 0.046700 ms)

AssetImportParameters requested are different than current active one (requested -> active):
  custom:graphics/normal-map-encoding: 01000000000000000000000000000000 -> 02000000000000000000000000000000
========================================================================
Received Import Request.
  Time since last request: 30.818327 seconds.
  path: Assets/Prefabs/Cell.prefab
  artifactKey: Guid(dbc4c4bf14478ef409e17b791e0c4a5b) Importer(815301076,1909f56bfc062723c751e8b465ee728b)
Start importing Assets/Prefabs/Cell.prefab using Guid(dbc4c4bf14478ef409e17b791e0c4a5b) Importer(815301076,1909f56bfc062723c751e8b465ee728b)  -> (artifact id: '2a8502b29cf674fa0b2a80274ba9db9a') in 0.054241 seconds
  Import took 0.058399 seconds .

========================================================================
Received Import Request.
  Time since last request: 5.504518 seconds.
  path: Assets/Prefabs/Cell.prefab
  artifactKey: Guid(dbc4c4bf14478ef409e17b791e0c4a5b) Importer(815301076,1909f56bfc062723c751e8b465ee728b)
Start importing Assets/Prefabs/Cell.prefab using Guid(dbc4c4bf14478ef409e17b791e0c4a5b) Importer(815301076,1909f56bfc062723c751e8b465ee728b)  -> (artifact id: '8a7fe306315aa18d8f2788f28a0db52d') in 0.013180 seconds
  Import took 0.017708 seconds .

========================================================================
Received Prepare
Registering precompiled user dll's ...
Registered in 0.000795 seconds.
Begin MonoManager ReloadAssembly
Native extension for Lumin target not found
Native extension for LinuxStandalone target not found
Native extension for WindowsStandalone target not found
Native extension for OSXStandalone target not found
Native extension for WebGL target not found
Refreshing native plugins compatible for Editor in 0.19 ms, found 0 plugins.
Preloading 0 native plugins for Editor in 0.00 ms.
Mono: successfully reloaded assembly
- Completed reload, in  0.774 seconds
Platform modules already initialized, skipping
Switching build target platform(5) subTarget(0) extendedPlatform(0) -> platform(13) subTarget(537395200) extendedPlatform(0)
Refreshing native plugins compatible for Editor in 0.20 ms, found 0 plugins.
Preloading 0 native plugins for Editor in 0.00 ms.
Unloading 1144 Unused Serialized files (Serialized files now loaded: 0)
System memory in use before: 67.0 MB.
System memory in use after: 67.1 MB.

Unloading 5 unused Assets to reduce memory usage. Loaded Objects now: 1622.
Total: 1.574200 ms (FindLiveObjects: 0.123300 ms CreateObjectMapping: 0.032100 ms MarkObjects: 1.368100 ms  DeleteObjects: 0.049500 ms)

AssetImportParameters requested are different than current active one (requested -> active):
  custom:graphics/normal-map-encoding: 01000000000000000000000000000000 -> 02000000000000000000000000000000
========================================================================
Received Import Request.
  Time since last request: 29.088976 seconds.
  path: Assets/Prefabs/Cell.prefab
  artifactKey: Guid(dbc4c4bf14478ef409e17b791e0c4a5b) Importer(815301076,1909f56bfc062723c751e8b465ee728b)
Start importing Assets/Prefabs/Cell.prefab using Guid(dbc4c4bf14478ef409e17b791e0c4a5b) Importer(815301076,1909f56bfc062723c751e8b465ee728b)  -> (artifact id: '2a3aff44a0e086bb4a1568ffe0378fa4') in 0.052263 seconds
  Import took 0.056337 seconds .

========================================================================
Received Prepare
Registering precompiled user dll's ...
Registered in 0.000842 seconds.
Begin MonoManager ReloadAssembly
Native extension for Lumin target not found
Native extension for LinuxStandalone target not found
Native extension for WindowsStandalone target not found
Native extension for OSXStandalone target not found
Native extension for WebGL target not found
Refreshing native plugins compatible for Editor in 0.30 ms, found 0 plugins.
Preloading 0 native plugins for Editor in 0.00 ms.
Mono: successfully reloaded assembly
- Completed reload, in  0.870 seconds
Platform modules already initialized, skipping
Switching build target platform(5) subTarget(0) extendedPlatform(0) -> platform(13) subTarget(537395200) extendedPlatform(0)
Refreshing native plugins compatible for Editor in 0.19 ms, found 0 plugins.
Preloading 0 native plugins for Editor in 0.00 ms.
Unloading 1144 Unused Serialized files (Serialized files now loaded: 0)
System memory in use before: 67.0 MB.
System memory in use after: 67.1 MB.

Unloading 5 unused Assets to reduce memory usage. Loaded Objects now: 1626.
Total: 1.778700 ms (FindLiveObjects: 0.153500 ms CreateObjectMapping: 0.039100 ms MarkObjects: 1.540700 ms  DeleteObjects: 0.044100 ms)

AssetImportParameters requested are different than current active one (requested -> active):
  custom:graphics/normal-map-encoding: 01000000000000000000000000000000 -> 02000000000000000000000000000000
========================================================================
Received Import Request.
  Time since last request: 6.126195 seconds.
  path: Assets/Prefabs/Cell.prefab
  artifactKey: Guid(dbc4c4bf14478ef409e17b791e0c4a5b) Importer(815301076,1909f56bfc062723c751e8b465ee728b)
Start importing Assets/Prefabs/Cell.prefab using Guid(dbc4c4bf14478ef409e17b791e0c4a5b) Importer(815301076,1909f56bfc062723c751e8b465ee728b)  -> (artifact id: 'c2a244f67f89b52db416a90648c5642e') in 0.058083 seconds
  Import took 0.063278 seconds .

========================================================================
Received Import Request.
  Time since last request: 22.560347 seconds.
  path: Assets/Prefabs/Cell.prefab
  artifactKey: Guid(dbc4c4bf14478ef409e17b791e0c4a5b) Importer(815301076,1909f56bfc062723c751e8b465ee728b)
Start importing Assets/Prefabs/Cell.prefab using Guid(dbc4c4bf14478ef409e17b791e0c4a5b) Importer(815301076,1909f56bfc062723c751e8b465ee728b)  -> (artifact id: 'c20270ee13d5de5bade4c1ba2120ea9d') in 0.012848 seconds
  Import took 0.016551 seconds .

========================================================================
Received Import Request.
  Time since last request: 8.681154 seconds.
  path: Assets/Prefabs/Cell.prefab
  artifactKey: Guid(dbc4c4bf14478ef409e17b791e0c4a5b) Importer(815301076,1909f56bfc062723c751e8b465ee728b)
Start importing Assets/Prefabs/Cell.prefab using Guid(dbc4c4bf14478ef409e17b791e0c4a5b) Importer(815301076,1909f56bfc062723c751e8b465ee728b)  -> (artifact id: 'bb5266f44db07e7b5485eeeee233df5b') in 0.015727 seconds
  Import took 0.020803 seconds .

========================================================================
Received Import Request.
  Time since last request: 4.629343 seconds.
  path: Assets/Prefabs/Cell.prefab
  artifactKey: Guid(dbc4c4bf14478ef409e17b791e0c4a5b) Importer(815301076,1909f56bfc062723c751e8b465ee728b)
Start importing Assets/Prefabs/Cell.prefab using Guid(dbc4c4bf14478ef409e17b791e0c4a5b) Importer(815301076,1909f56bfc062723c751e8b465ee728b)  -> (artifact id: '9acf9e59af14992ac1a0d886cf91e496') in 0.013993 seconds
  Import took 0.018775 seconds .

========================================================================
Received Prepare
Registering precompiled user dll's ...
Registered in 0.000821 seconds.
Begin MonoManager ReloadAssembly
Native extension for Lumin target not found
Native extension for LinuxStandalone target not found
Native extension for WindowsStandalone target not found
Native extension for OSXStandalone target not found
Native extension for WebGL target not found
Refreshing native plugins compatible for Editor in 0.24 ms, found 0 plugins.
Preloading 0 native plugins for Editor in 0.00 ms.
Mono: successfully reloaded assembly
- Completed reload, in  0.883 seconds
Platform modules already initialized, skipping
Switching build target platform(5) subTarget(0) extendedPlatform(0) -> platform(13) subTarget(537395200) extendedPlatform(0)
Refreshing native plugins compatible for Editor in 0.19 ms, found 0 plugins.
Preloading 0 native plugins for Editor in 0.00 ms.
Unloading 1144 Unused Serialized files (Serialized files now loaded: 0)
System memory in use before: 67.1 MB.
System memory in use after: 67.1 MB.

Unloading 5 unused Assets to reduce memory usage. Loaded Objects now: 1630.
Total: 1.861400 ms (FindLiveObjects: 0.170300 ms CreateObjectMapping: 0.049400 ms MarkObjects: 1.584600 ms  DeleteObjects: 0.055300 ms)

AssetImportParameters requested are different than current active one (requested -> active):
  custom:graphics/normal-map-encoding: 01000000000000000000000000000000 -> 02000000000000000000000000000000
========================================================================
Received Import Request.
  Time since last request: 27.076368 seconds.
  path: Assets/Prefabs/Cell.prefab
  artifactKey: Guid(dbc4c4bf14478ef409e17b791e0c4a5b) Importer(815301076,1909f56bfc062723c751e8b465ee728b)
Start importing Assets/Prefabs/Cell.prefab using Guid(dbc4c4bf14478ef409e17b791e0c4a5b) Importer(815301076,1909f56bfc062723c751e8b465ee728b)  -> (artifact id: '4c34848978fc63a29802abd643167007') in 0.058312 seconds
  Import took 0.062859 seconds .

========================================================================
Received Prepare
Registering precompiled user dll's ...
Registered in 0.000881 seconds.
Begin MonoManager ReloadAssembly
Native extension for Lumin target not found
Native extension for LinuxStandalone target not found
Native extension for WindowsStandalone target not found
Native extension for OSXStandalone target not found
Native extension for WebGL target not found
Refreshing native plugins compatible for Editor in 0.21 ms, found 0 plugins.
Preloading 0 native plugins for Editor in 0.00 ms.
Mono: successfully reloaded assembly
- Completed reload, in  0.829 seconds
Platform modules already initialized, skipping
Switching build target platform(5) subTarget(0) extendedPlatform(0) -> platform(13) subTarget(537395200) extendedPlatform(0)
Refreshing native plugins compatible for Editor in 0.19 ms, found 0 plugins.
Preloading 0 native plugins for Editor in 0.00 ms.
Unloading 1144 Unused Serialized files (Serialized files now loaded: 0)
System memory in use before: 67.1 MB.
System memory in use after: 67.1 MB.

Unloading 5 unused Assets to reduce memory usage. Loaded Objects now: 1634.
Total: 1.542800 ms (FindLiveObjects: 0.116100 ms CreateObjectMapping: 0.031800 ms MarkObjects: 1.348200 ms  DeleteObjects: 0.045500 ms)

AssetImportParameters requested are different than current active one (requested -> active):
  custom:graphics/normal-map-encoding: 01000000000000000000000000000000 -> 02000000000000000000000000000000
========================================================================
Received Prepare
Registering precompiled user dll's ...
Registered in 0.000791 seconds.
Begin MonoManager ReloadAssembly
Native extension for Lumin target not found
Native extension for LinuxStandalone target not found
Native extension for WindowsStandalone target not found
Native extension for OSXStandalone target not found
Native extension for WebGL target not found
Refreshing native plugins compatible for Editor in 0.20 ms, found 0 plugins.
Preloading 0 native plugins for Editor in 0.00 ms.
Mono: successfully reloaded assembly
- Completed reload, in  0.800 seconds
Platform modules already initialized, skipping
Switching build target platform(5) subTarget(0) extendedPlatform(0) -> platform(13) subTarget(537395200) extendedPlatform(0)
Refreshing native plugins compatible for Editor in 0.19 ms, found 0 plugins.
Preloading 0 native plugins for Editor in 0.00 ms.
Unloading 1144 Unused Serialized files (Serialized files now loaded: 0)
System memory in use before: 67.1 MB.
System memory in use after: 67.2 MB.

Unloading 5 unused Assets to reduce memory usage. Loaded Objects now: 1637.
Total: 1.588600 ms (FindLiveObjects: 0.135900 ms CreateObjectMapping: 0.036200 ms MarkObjects: 1.366800 ms  DeleteObjects: 0.048700 ms)

AssetImportParameters requested are different than current active one (requested -> active):
  custom:graphics/normal-map-encoding: 01000000000000000000000000000000 -> 02000000000000000000000000000000
========================================================================
Received Import Request.
  Time since last request: 118.873149 seconds.
  path: Assets/Prefabs/Cell.prefab
  artifactKey: Guid(dbc4c4bf14478ef409e17b791e0c4a5b) Importer(815301076,1909f56bfc062723c751e8b465ee728b)
Start importing Assets/Prefabs/Cell.prefab using Guid(dbc4c4bf14478ef409e17b791e0c4a5b) Importer(815301076,1909f56bfc062723c751e8b465ee728b)  -> (artifact id: 'c1a77dc759a6276901bdaae6d8c67eb6') in 0.050902 seconds
  Import took 0.055369 seconds .

========================================================================
Received Prepare
Registering precompiled user dll's ...
Registered in 0.000778 seconds.
Begin MonoManager ReloadAssembly
Native extension for Lumin target not found
Native extension for LinuxStandalone target not found
Native extension for WindowsStandalone target not found
Native extension for OSXStandalone target not found
Native extension for WebGL target not found
Refreshing native plugins compatible for Editor in 0.20 ms, found 0 plugins.
Preloading 0 native plugins for Editor in 0.00 ms.
Mono: successfully reloaded assembly
- Completed reload, in  0.844 seconds
Platform modules already initialized, skipping
Switching build target platform(5) subTarget(0) extendedPlatform(0) -> platform(13) subTarget(537395200) extendedPlatform(0)
Refreshing native plugins compatible for Editor in 0.20 ms, found 0 plugins.
Preloading 0 native plugins for Editor in 0.00 ms.
Unloading 1144 Unused Serialized files (Serialized files now loaded: 0)
System memory in use before: 67.1 MB.
System memory in use after: 67.2 MB.

Unloading 5 unused Assets to reduce memory usage. Loaded Objects now: 1641.
Total: 1.832300 ms (FindLiveObjects: 0.175800 ms CreateObjectMapping: 0.055500 ms MarkObjects: 1.551000 ms  DeleteObjects: 0.048400 ms)

AssetImportParameters requested are different than current active one (requested -> active):
  custom:graphics/normal-map-encoding: 01000000000000000000000000000000 -> 02000000000000000000000000000000
========================================================================
Received Prepare
Registering precompiled user dll's ...
Registered in 0.000781 seconds.
Begin MonoManager ReloadAssembly
Native extension for Lumin target not found
Native extension for LinuxStandalone target not found
Native extension for WindowsStandalone target not found
Native extension for OSXStandalone target not found
Native extension for WebGL target not found
Refreshing native plugins compatible for Editor in 0.19 ms, found 0 plugins.
Preloading 0 native plugins for Editor in 0.00 ms.
Mono: successfully reloaded assembly
- Completed reload, in  0.817 seconds
Platform modules already initialized, skipping
Switching build target platform(5) subTarget(0) extendedPlatform(0) -> platform(13) subTarget(537395200) extendedPlatform(0)
Refreshing native plugins compatible for Editor in 0.19 ms, found 0 plugins.
Preloading 0 native plugins for Editor in 0.00 ms.
Unloading 1144 Unused Serialized files (Serialized files now loaded: 0)
System memory in use before: 67.1 MB.
System memory in use after: 67.2 MB.

Unloading 5 unused Assets to reduce memory usage. Loaded Objects now: 1644.
Total: 1.598800 ms (FindLiveObjects: 0.124000 ms CreateObjectMapping: 0.036200 ms MarkObjects: 1.388100 ms  DeleteObjects: 0.049600 ms)

AssetImportParameters requested are different than current active one (requested -> active):
  custom:graphics/normal-map-encoding: 01000000000000000000000000000000 -> 02000000000000000000000000000000
========================================================================
Received Import Request.
  Time since last request: 55.063983 seconds.
  path: Assets/Prefabs/Cell.prefab
  artifactKey: Guid(dbc4c4bf14478ef409e17b791e0c4a5b) Importer(815301076,1909f56bfc062723c751e8b465ee728b)
Start importing Assets/Prefabs/Cell.prefab using Guid(dbc4c4bf14478ef409e17b791e0c4a5b) Importer(815301076,1909f56bfc062723c751e8b465ee728b)  -> (artifact id: '7f6ebc569e052b302d107b4e4a4dc4d8') in 0.053077 seconds
  Import took 0.057401 seconds .

========================================================================
Received Import Request.
  Time since last request: 0.889672 seconds.
  path: Assets/Prefabs/Cell.prefab
  artifactKey: Guid(dbc4c4bf14478ef409e17b791e0c4a5b) Importer(815301076,1909f56bfc062723c751e8b465ee728b)
Start importing Assets/Prefabs/Cell.prefab using Guid(dbc4c4bf14478ef409e17b791e0c4a5b) Importer(815301076,1909f56bfc062723c751e8b465ee728b)  -> (artifact id: '6add124b114ae169d4e6d24892c021eb') in 0.013107 seconds
  Import took 0.018713 seconds .

========================================================================
Received Prepare
Registering precompiled user dll's ...
Registered in 0.000764 seconds.
Begin MonoManager ReloadAssembly
Native extension for Lumin target not found
Native extension for LinuxStandalone target not found
Native extension for WindowsStandalone target not found
Native extension for OSXStandalone target not found
Native extension for WebGL target not found
Refreshing native plugins compatible for Editor in 0.19 ms, found 0 plugins.
Preloading 0 native plugins for Editor in 0.00 ms.
Mono: successfully reloaded assembly
- Completed reload, in  0.818 seconds
Platform modules already initialized, skipping
Switching build target platform(5) subTarget(0) extendedPlatform(0) -> platform(13) subTarget(537395200) extendedPlatform(0)
Refreshing native plugins compatible for Editor in 0.21 ms, found 0 plugins.
Preloading 0 native plugins for Editor in 0.00 ms.
Unloading 1144 Unused Serialized files (Serialized files now loaded: 0)
System memory in use before: 67.1 MB.
System memory in use after: 67.2 MB.

Unloading 5 unused Assets to reduce memory usage. Loaded Objects now: 1648.
Total: 1.543000 ms (FindLiveObjects: 0.116900 ms CreateObjectMapping: 0.030800 ms MarkObjects: 1.349900 ms  DeleteObjects: 0.044400 ms)

AssetImportParameters requested are different than current active one (requested -> active):
  custom:graphics/normal-map-encoding: 01000000000000000000000000000000 -> 02000000000000000000000000000000
========================================================================
Received Import Request.
  Time since last request: 32.572908 seconds.
  path: Assets/Prefabs/BackGroundCell.prefab
  artifactKey: Guid(499c26bd83d88e64188fc9e47d7e7169) Importer(815301076,1909f56bfc062723c751e8b465ee728b)
Start importing Assets/Prefabs/BackGroundCell.prefab using Guid(499c26bd83d88e64188fc9e47d7e7169) Importer(815301076,1909f56bfc062723c751e8b465ee728b)  -> (artifact id: 'a1f2033f42eb553b747bcb32b01400c0') in 0.048315 seconds
  Import took 0.052240 seconds .

========================================================================
Received Import Request.
  Time since last request: 0.963177 seconds.
  path: Assets/Prefabs/BackGroundCell.prefab
  artifactKey: Guid(499c26bd83d88e64188fc9e47d7e7169) Importer(815301076,1909f56bfc062723c751e8b465ee728b)
Start importing Assets/Prefabs/BackGroundCell.prefab using Guid(499c26bd83d88e64188fc9e47d7e7169) Importer(815301076,1909f56bfc062723c751e8b465ee728b)  -> (artifact id: 'c30ba163526ac2f44e2a54d437f33cff') in 0.011004 seconds
  Import took 0.016247 seconds .

========================================================================
Received Prepare
Registering precompiled user dll's ...
Registered in 0.000881 seconds.
Begin MonoManager ReloadAssembly
Native extension for Lumin target not found
Native extension for LinuxStandalone target not found
Native extension for WindowsStandalone target not found
Native extension for OSXStandalone target not found
Native extension for WebGL target not found
Refreshing native plugins compatible for Editor in 0.19 ms, found 0 plugins.
Preloading 0 native plugins for Editor in 0.00 ms.
Mono: successfully reloaded assembly
- Completed reload, in  0.833 seconds
Platform modules already initialized, skipping
Switching build target platform(5) subTarget(0) extendedPlatform(0) -> platform(13) subTarget(537395200) extendedPlatform(0)
Refreshing native plugins compatible for Editor in 0.20 ms, found 0 plugins.
Preloading 0 native plugins for Editor in 0.00 ms.
Unloading 1144 Unused Serialized files (Serialized files now loaded: 0)
System memory in use before: 67.1 MB.
System memory in use after: 67.2 MB.

Unloading 5 unused Assets to reduce memory usage. Loaded Objects now: 1652.
Total: 1.659200 ms (FindLiveObjects: 0.131000 ms CreateObjectMapping: 0.035800 ms MarkObjects: 1.445100 ms  DeleteObjects: 0.046200 ms)

AssetImportParameters requested are different than current active one (requested -> active):
  custom:graphics/normal-map-encoding: 01000000000000000000000000000000 -> 02000000000000000000000000000000
========================================================================
Received Import Request.
  Time since last request: 111.697163 seconds.
  path: Assets/Prefabs/BackGroundCell.prefab
  artifactKey: Guid(499c26bd83d88e64188fc9e47d7e7169) Importer(815301076,1909f56bfc062723c751e8b465ee728b)
Start importing Assets/Prefabs/BackGroundCell.prefab using Guid(499c26bd83d88e64188fc9e47d7e7169) Importer(815301076,1909f56bfc062723c751e8b465ee728b)  -> (artifact id: 'c580c2861bc6b3c8c2e856ae41c3303b') in 0.049328 seconds
  Import took 0.053685 seconds .

========================================================================
Received Import Request.
  Time since last request: 2.234532 seconds.
  path: Assets/Prefabs/BackGroundCell.prefab
  artifactKey: Guid(499c26bd83d88e64188fc9e47d7e7169) Importer(815301076,1909f56bfc062723c751e8b465ee728b)
Start importing Assets/Prefabs/BackGroundCell.prefab using Guid(499c26bd83d88e64188fc9e47d7e7169) Importer(815301076,1909f56bfc062723c751e8b465ee728b)  -> (artifact id: 'dcad587bbdf1b07fb4cb8d169cd61651') in 0.008992 seconds
  Import took 0.013008 seconds .

========================================================================
Received Prepare
Registering precompiled user dll's ...
Registered in 0.000840 seconds.
Begin MonoManager ReloadAssembly
Native extension for Lumin target not found
Native extension for LinuxStandalone target not found
Native extension for WindowsStandalone target not found
Native extension for OSXStandalone target not found
Native extension for WebGL target not found
Refreshing native plugins compatible for Editor in 0.19 ms, found 0 plugins.
Preloading 0 native plugins for Editor in 0.00 ms.
Mono: successfully reloaded assembly
- Completed reload, in  0.832 seconds
Platform modules already initialized, skipping
Switching build target platform(5) subTarget(0) extendedPlatform(0) -> platform(13) subTarget(537395200) extendedPlatform(0)
Refreshing native plugins compatible for Editor in 0.19 ms, found 0 plugins.
Preloading 0 native plugins for Editor in 0.00 ms.
Unloading 1144 Unused Serialized files (Serialized files now loaded: 0)
System memory in use before: 67.1 MB.
System memory in use after: 67.2 MB.

Unloading 5 unused Assets to reduce memory usage. Loaded Objects now: 1656.
Total: 1.586100 ms (FindLiveObjects: 0.124100 ms CreateObjectMapping: 0.033700 ms MarkObjects: 1.380400 ms  DeleteObjects: 0.046500 ms)

AssetImportParameters requested are different than current active one (requested -> active):
  custom:graphics/normal-map-encoding: 01000000000000000000000000000000 -> 02000000000000000000000000000000
========================================================================
Received Import Request.
  Time since last request: 103.847569 seconds.
  path: Assets/Prefabs/Cell.prefab
  artifactKey: Guid(dbc4c4bf14478ef409e17b791e0c4a5b) Importer(815301076,1909f56bfc062723c751e8b465ee728b)
Start importing Assets/Prefabs/Cell.prefab using Guid(dbc4c4bf14478ef409e17b791e0c4a5b) Importer(815301076,1909f56bfc062723c751e8b465ee728b)  -> (artifact id: '3d62df2e28f4c961317934d3afa3e8a2') in 0.056829 seconds
  Import took 0.060352 seconds .

========================================================================
Received Prepare
Registering precompiled user dll's ...
Registered in 0.000941 seconds.
Begin MonoManager ReloadAssembly
Native extension for Lumin target not found
Native extension for LinuxStandalone target not found
Native extension for WindowsStandalone target not found
Native extension for OSXStandalone target not found
Native extension for WebGL target not found
Refreshing native plugins compatible for Editor in 0.19 ms, found 0 plugins.
Preloading 0 native plugins for Editor in 0.00 ms.
Mono: successfully reloaded assembly
- Completed reload, in  0.855 seconds
Platform modules already initialized, skipping
Switching build target platform(5) subTarget(0) extendedPlatform(0) -> platform(13) subTarget(537395200) extendedPlatform(0)
Refreshing native plugins compatible for Editor in 0.19 ms, found 0 plugins.
Preloading 0 native plugins for Editor in 0.00 ms.
Unloading 1144 Unused Serialized files (Serialized files now loaded: 0)
System memory in use before: 67.1 MB.
System memory in use after: 67.2 MB.

Unloading 5 unused Assets to reduce memory usage. Loaded Objects now: 1660.
Total: 1.562500 ms (FindLiveObjects: 0.119100 ms CreateObjectMapping: 0.033000 ms MarkObjects: 1.364700 ms  DeleteObjects: 0.044800 ms)

AssetImportParameters requested are different than current active one (requested -> active):
  custom:graphics/normal-map-encoding: 01000000000000000000000000000000 -> 02000000000000000000000000000000
========================================================================
Received Import Request.
  Time since last request: 20.091954 seconds.
  path: Assets/Prefabs/BackGroundCell.prefab
  artifactKey: Guid(499c26bd83d88e64188fc9e47d7e7169) Importer(815301076,1909f56bfc062723c751e8b465ee728b)
Start importing Assets/Prefabs/BackGroundCell.prefab using Guid(499c26bd83d88e64188fc9e47d7e7169) Importer(815301076,1909f56bfc062723c751e8b465ee728b)  -> (artifact id: 'd5d30d8550d39ac7b165757f03af2c3a') in 0.049302 seconds
  Import took 0.053600 seconds .

========================================================================
Received Prepare
Registering precompiled user dll's ...
Registered in 0.000790 seconds.
Begin MonoManager ReloadAssembly
Native extension for Lumin target not found
Native extension for LinuxStandalone target not found
Native extension for WindowsStandalone target not found
Native extension for OSXStandalone target not found
Native extension for WebGL target not found
Refreshing native plugins compatible for Editor in 0.19 ms, found 0 plugins.
Preloading 0 native plugins for Editor in 0.00 ms.
Mono: successfully reloaded assembly
- Completed reload, in  0.845 seconds
Platform modules already initialized, skipping
Switching build target platform(5) subTarget(0) extendedPlatform(0) -> platform(13) subTarget(537395200) extendedPlatform(0)
Refreshing native plugins compatible for Editor in 0.20 ms, found 0 plugins.
Preloading 0 native plugins for Editor in 0.00 ms.
Unloading 1144 Unused Serialized files (Serialized files now loaded: 0)
System memory in use before: 67.2 MB.
System memory in use after: 67.2 MB.

Unloading 5 unused Assets to reduce memory usage. Loaded Objects now: 1664.
Total: 1.548700 ms (FindLiveObjects: 0.119200 ms CreateObjectMapping: 0.031800 ms MarkObjects: 1.347700 ms  DeleteObjects: 0.049000 ms)

AssetImportParameters requested are different than current active one (requested -> active):
  custom:graphics/normal-map-encoding: 01000000000000000000000000000000 -> 02000000000000000000000000000000
========================================================================
Received Import Request.
  Time since last request: 16.689865 seconds.
  path: Assets/Prefabs/BackGroundCell.prefab
  artifactKey: Guid(499c26bd83d88e64188fc9e47d7e7169) Importer(815301076,1909f56bfc062723c751e8b465ee728b)
Start importing Assets/Prefabs/BackGroundCell.prefab using Guid(499c26bd83d88e64188fc9e47d7e7169) Importer(815301076,1909f56bfc062723c751e8b465ee728b)  -> (artifact id: '7dd3dba3e34c96cf426296b85f2d0d77') in 0.048513 seconds
  Import took 0.053080 seconds .

========================================================================
Received Import Request.
  Time since last request: 0.597047 seconds.
  path: Assets/Prefabs/BackGroundCell.prefab
  artifactKey: Guid(499c26bd83d88e64188fc9e47d7e7169) Importer(815301076,1909f56bfc062723c751e8b465ee728b)
Start importing Assets/Prefabs/BackGroundCell.prefab using Guid(499c26bd83d88e64188fc9e47d7e7169) Importer(815301076,1909f56bfc062723c751e8b465ee728b)  -> (artifact id: 'c2067bf41612337efdf55ffe12f1ec13') in 0.008545 seconds
  Import took 0.012221 seconds .

========================================================================
Received Import Request.
  Time since last request: 0.011457 seconds.
  path: Assets/Prefabs/BackGroundCell.prefab
  artifactKey: Guid(499c26bd83d88e64188fc9e47d7e7169) Importer(815301076,1909f56bfc062723c751e8b465ee728b)
Start importing Assets/Prefabs/BackGroundCell.prefab using Guid(499c26bd83d88e64188fc9e47d7e7169) Importer(815301076,1909f56bfc062723c751e8b465ee728b)  -> (artifact id: 'c2067bf41612337efdf55ffe12f1ec13') in 0.016365 seconds
  Import took 0.020972 seconds .

========================================================================
Received Prepare
Registering precompiled user dll's ...
Registered in 0.000811 seconds.
Begin MonoManager ReloadAssembly
Native extension for Lumin target not found
Native extension for LinuxStandalone target not found
Native extension for WindowsStandalone target not found
Native extension for OSXStandalone target not found
Native extension for WebGL target not found
Refreshing native plugins compatible for Editor in 0.19 ms, found 0 plugins.
Preloading 0 native plugins for Editor in 0.00 ms.
Mono: successfully reloaded assembly
- Completed reload, in  0.842 seconds
Platform modules already initialized, skipping
Switching build target platform(5) subTarget(0) extendedPlatform(0) -> platform(13) subTarget(537395200) extendedPlatform(0)
Refreshing native plugins compatible for Editor in 0.19 ms, found 0 plugins.
Preloading 0 native plugins for Editor in 0.00 ms.
Unloading 1144 Unused Serialized files (Serialized files now loaded: 0)
System memory in use before: 67.2 MB.
System memory in use after: 67.2 MB.

Unloading 5 unused Assets to reduce memory usage. Loaded Objects now: 1668.
Total: 1.606900 ms (FindLiveObjects: 0.118500 ms CreateObjectMapping: 0.031100 ms MarkObjects: 1.391600 ms  DeleteObjects: 0.064800 ms)

AssetImportParameters requested are different than current active one (requested -> active):
  custom:graphics/normal-map-encoding: 01000000000000000000000000000000 -> 02000000000000000000000000000000
========================================================================
Received Import Request.
  Time since last request: 37.461367 seconds.
  path: Assets/Prefabs/Cell.prefab
  artifactKey: Guid(dbc4c4bf14478ef409e17b791e0c4a5b) Importer(815301076,1909f56bfc062723c751e8b465ee728b)
Start importing Assets/Prefabs/Cell.prefab using Guid(dbc4c4bf14478ef409e17b791e0c4a5b) Importer(815301076,1909f56bfc062723c751e8b465ee728b)  -> (artifact id: '6b72377e27b313fae50df5b4ec64fd63') in 0.051323 seconds
  Import took 0.055768 seconds .

========================================================================
Received Import Request.
  Time since last request: 0.768787 seconds.
  path: Assets/Prefabs/Cell.prefab
  artifactKey: Guid(dbc4c4bf14478ef409e17b791e0c4a5b) Importer(815301076,1909f56bfc062723c751e8b465ee728b)
Start importing Assets/Prefabs/Cell.prefab using Guid(dbc4c4bf14478ef409e17b791e0c4a5b) Importer(815301076,1909f56bfc062723c751e8b465ee728b)  -> (artifact id: '9295e39e791485c6f34847c3a5592abd') in 0.011433 seconds
  Import took 0.015711 seconds .

========================================================================
Received Prepare
Registering precompiled user dll's ...
Registered in 0.000880 seconds.
Begin MonoManager ReloadAssembly
Native extension for Lumin target not found
Native extension for LinuxStandalone target not found
Native extension for WindowsStandalone target not found
Native extension for OSXStandalone target not found
Native extension for WebGL target not found
Refreshing native plugins compatible for Editor in 0.20 ms, found 0 plugins.
Preloading 0 native plugins for Editor in 0.00 ms.
Mono: successfully reloaded assembly
- Completed reload, in  0.875 seconds
Platform modules already initialized, skipping
Switching build target platform(5) subTarget(0) extendedPlatform(0) -> platform(13) subTarget(537395200) extendedPlatform(0)
Refreshing native plugins compatible for Editor in 0.19 ms, found 0 plugins.
Preloading 0 native plugins for Editor in 0.00 ms.
Unloading 1144 Unused Serialized files (Serialized files now loaded: 0)
System memory in use before: 67.2 MB.
System memory in use after: 67.3 MB.

Unloading 5 unused Assets to reduce memory usage. Loaded Objects now: 1672.
Total: 1.589900 ms (FindLiveObjects: 0.160000 ms CreateObjectMapping: 0.047500 ms MarkObjects: 1.331600 ms  DeleteObjects: 0.049800 ms)

AssetImportParameters requested are different than current active one (requested -> active):
  custom:graphics/normal-map-encoding: 01000000000000000000000000000000 -> 02000000000000000000000000000000
========================================================================
Received Import Request.
  Time since last request: 32.329375 seconds.
  path: Assets/Prefabs/Cell.prefab
  artifactKey: Guid(dbc4c4bf14478ef409e17b791e0c4a5b) Importer(815301076,1909f56bfc062723c751e8b465ee728b)
Start importing Assets/Prefabs/Cell.prefab using Guid(dbc4c4bf14478ef409e17b791e0c4a5b) Importer(815301076,1909f56bfc062723c751e8b465ee728b)  -> (artifact id: '3b7b1c55af3235e54dc65b19dc8e3633') in 0.052075 seconds
  Import took 0.056426 seconds .

========================================================================
Received Prepare
Registering precompiled user dll's ...
Registered in 0.000737 seconds.
Begin MonoManager ReloadAssembly
Native extension for Lumin target not found
Native extension for LinuxStandalone target not found
Native extension for WindowsStandalone target not found
Native extension for OSXStandalone target not found
Native extension for WebGL target not found
Refreshing native plugins compatible for Editor in 0.22 ms, found 0 plugins.
Preloading 0 native plugins for Editor in 0.00 ms.
Mono: successfully reloaded assembly
- Completed reload, in  0.908 seconds
Platform modules already initialized, skipping
Switching build target platform(5) subTarget(0) extendedPlatform(0) -> platform(13) subTarget(537395200) extendedPlatform(0)
Refreshing native plugins compatible for Editor in 0.26 ms, found 0 plugins.
Preloading 0 native plugins for Editor in 0.00 ms.
Unloading 1144 Unused Serialized files (Serialized files now loaded: 0)
System memory in use before: 67.2 MB.
System memory in use after: 67.3 MB.

Unloading 5 unused Assets to reduce memory usage. Loaded Objects now: 1676.
Total: 1.621600 ms (FindLiveObjects: 0.134100 ms CreateObjectMapping: 0.036500 ms MarkObjects: 1.402600 ms  DeleteObjects: 0.047300 ms)

AssetImportParameters requested are different than current active one (requested -> active):
  custom:graphics/normal-map-encoding: 01000000000000000000000000000000 -> 02000000000000000000000000000000
========================================================================
Received Import Request.
  Time since last request: 111.858706 seconds.
  path: Assets/Prefabs/Cell.prefab
  artifactKey: Guid(dbc4c4bf14478ef409e17b791e0c4a5b) Importer(815301076,1909f56bfc062723c751e8b465ee728b)
Start importing Assets/Prefabs/Cell.prefab using Guid(dbc4c4bf14478ef409e17b791e0c4a5b) Importer(815301076,1909f56bfc062723c751e8b465ee728b)  -> (artifact id: '8fead3d97614eea3851c066606bcdfc3') in 0.052244 seconds
  Import took 0.056564 seconds .

========================================================================
Received Import Request.
  Time since last request: 53.112747 seconds.
  path: Assets/Prefabs/Cell 1.prefab
  artifactKey: Guid(5b0045a26bf9758459f8a0ac00be97ac) Importer(815301076,1909f56bfc062723c751e8b465ee728b)
Start importing Assets/Prefabs/Cell 1.prefab using Guid(5b0045a26bf9758459f8a0ac00be97ac) Importer(815301076,1909f56bfc062723c751e8b465ee728b)  -> (artifact id: 'a2f3f4771e149585a0e7c0da87424da8') in 0.012665 seconds
  Import took 0.016898 seconds .

========================================================================
Received Import Request.
  Time since last request: 0.585926 seconds.
  path: Assets/Prefabs/Cell 2.prefab
  artifactKey: Guid(5ecfa455dcd89574cb84a0f0baa2cde1) Importer(815301076,1909f56bfc062723c751e8b465ee728b)
Start importing Assets/Prefabs/Cell 2.prefab using Guid(5ecfa455dcd89574cb84a0f0baa2cde1) Importer(815301076,1909f56bfc062723c751e8b465ee728b)  -> (artifact id: '05d01512daa8bb0038f4baa12de4b239') in 0.015506 seconds
  Import took 0.019770 seconds .

========================================================================
Received Import Request.
  Time since last request: 10.204631 seconds.
  path: Assets/Prefabs/2048Cell.prefab
  artifactKey: Guid(dbc4c4bf14478ef409e17b791e0c4a5b) Importer(815301076,1909f56bfc062723c751e8b465ee728b)
Start importing Assets/Prefabs/2048Cell.prefab using Guid(dbc4c4bf14478ef409e17b791e0c4a5b) Importer(815301076,1909f56bfc062723c751e8b465ee728b)  -> (artifact id: '2874cd9298e9b0517a718bca81460420') in 0.012096 seconds
  Import took 0.016196 seconds .

========================================================================
Received Import Request.
  Time since last request: 15.472451 seconds.
  path: Assets/Prefabs/4096Cell.prefab
  artifactKey: Guid(5b0045a26bf9758459f8a0ac00be97ac) Importer(815301076,1909f56bfc062723c751e8b465ee728b)
Start importing Assets/Prefabs/4096Cell.prefab using Guid(5b0045a26bf9758459f8a0ac00be97ac) Importer(815301076,1909f56bfc062723c751e8b465ee728b)  -> (artifact id: 'cecadccc782306caf9d4630b5ddbbd2a') in 0.013302 seconds
  Import took 0.017723 seconds .

========================================================================
Received Import Request.
  Time since last request: 9.841689 seconds.
  path: Assets/Prefabs/8192Cell.prefab
  artifactKey: Guid(5ecfa455dcd89574cb84a0f0baa2cde1) Importer(815301076,1909f56bfc062723c751e8b465ee728b)
Start importing Assets/Prefabs/8192Cell.prefab using Guid(5ecfa455dcd89574cb84a0f0baa2cde1) Importer(815301076,1909f56bfc062723c751e8b465ee728b)  -> (artifact id: '206bccc63d5d31189b1f96da015a92f5') in 0.012640 seconds
  Import took 0.016864 seconds .

========================================================================
Received Import Request.
  Time since last request: 23.432243 seconds.
  path: Assets/Scenes/4096Scene.unity
  artifactKey: Guid(0e134beb506c86846b4c2d61c44dfaca) Importer(815301076,1909f56bfc062723c751e8b465ee728b)
Start importing Assets/Scenes/4096Scene.unity using Guid(0e134beb506c86846b4c2d61c44dfaca) Importer(815301076,1909f56bfc062723c751e8b465ee728b)  -> (artifact id: '999afd3b07f1981a3f68a3c376642228') in 0.003500 seconds
  Import took 0.007631 seconds .

========================================================================
Received Import Request.
  Time since last request: 13.529938 seconds.
  path: Assets/Scenes/8192Scene.unity
  artifactKey: Guid(6a0c24d82b1525246b7254fef0d8b8b7) Importer(815301076,1909f56bfc062723c751e8b465ee728b)
Start importing Assets/Scenes/8192Scene.unity using Guid(6a0c24d82b1525246b7254fef0d8b8b7) Importer(815301076,1909f56bfc062723c751e8b465ee728b)  -> (artifact id: '12a7003a3cc12399a32e540e43c7d53e') in 0.003809 seconds
  Import took 0.008296 seconds .

========================================================================
Received Import Request.
  Time since last request: 33.542374 seconds.
  path: Assets/Prefabs/8192Cell.prefab
  artifactKey: Guid(5ecfa455dcd89574cb84a0f0baa2cde1) Importer(815301076,1909f56bfc062723c751e8b465ee728b)
Start importing Assets/Prefabs/8192Cell.prefab using Guid(5ecfa455dcd89574cb84a0f0baa2cde1) Importer(815301076,1909f56bfc062723c751e8b465ee728b)  -> (artifact id: '914afc86e4ff5a53021533ea69d3b2fa') in 0.012051 seconds
  Import took 0.016444 seconds .

========================================================================
Received Import Request.
  Time since last request: 16.382030 seconds.
  path: Assets/Prefabs/4096Cell.prefab
  artifactKey: Guid(5b0045a26bf9758459f8a0ac00be97ac) Importer(815301076,1909f56bfc062723c751e8b465ee728b)
Start importing Assets/Prefabs/4096Cell.prefab using Guid(5b0045a26bf9758459f8a0ac00be97ac) Importer(815301076,1909f56bfc062723c751e8b465ee728b)  -> (artifact id: '3d7f8267ec031c88b3b0d2d8fa02e6b8') in 0.013024 seconds
  Import took 0.017426 seconds .

========================================================================
Received Import Request.
  Time since last request: 2.918156 seconds.
  path: Assets/Prefabs/2048Cell.prefab
  artifactKey: Guid(dbc4c4bf14478ef409e17b791e0c4a5b) Importer(815301076,1909f56bfc062723c751e8b465ee728b)
Start importing Assets/Prefabs/2048Cell.prefab using Guid(dbc4c4bf14478ef409e17b791e0c4a5b) Importer(815301076,1909f56bfc062723c751e8b465ee728b)  -> (artifact id: '26bdf1781e826438eee82cdad5bc7b5a') in 0.015403 seconds
  Import took 0.019855 seconds .

========================================================================
Received Import Request.
  Time since last request: 5.294631 seconds.
  path: Assets/Scenes/StartMenuScene 1.unity
  artifactKey: Guid(5897de79c828e63469f4b093da36ba34) Importer(815301076,1909f56bfc062723c751e8b465ee728b)
Start importing Assets/Scenes/StartMenuScene 1.unity using Guid(5897de79c828e63469f4b093da36ba34) Importer(815301076,1909f56bfc062723c751e8b465ee728b)  -> (artifact id: 'e03bfba4b51936f97c2f60a251f91c26') in 0.004379 seconds
  Import took 0.008802 seconds .

========================================================================
Received Prepare
Registering precompiled user dll's ...
Registered in 0.000778 seconds.
Begin MonoManager ReloadAssembly
Native extension for Lumin target not found
Native extension for LinuxStandalone target not found
Native extension for WindowsStandalone target not found
Native extension for OSXStandalone target not found
Native extension for WebGL target not found
Refreshing native plugins compatible for Editor in 0.20 ms, found 0 plugins.
Preloading 0 native plugins for Editor in 0.00 ms.
Mono: successfully reloaded assembly
- Completed reload, in  0.879 seconds
Platform modules already initialized, skipping
Switching build target platform(5) subTarget(0) extendedPlatform(0) -> platform(13) subTarget(537395200) extendedPlatform(0)
Refreshing native plugins compatible for Editor in 0.19 ms, found 0 plugins.
Preloading 0 native plugins for Editor in 0.00 ms.
Unloading 1144 Unused Serialized files (Serialized files now loaded: 0)
System memory in use before: 67.2 MB.
System memory in use after: 67.3 MB.

Unloading 5 unused Assets to reduce memory usage. Loaded Objects now: 1680.
Total: 1.740900 ms (FindLiveObjects: 0.125900 ms CreateObjectMapping: 0.035000 ms MarkObjects: 1.515400 ms  DeleteObjects: 0.063100 ms)

AssetImportParameters requested are different than current active one (requested -> active):
  custom:graphics/normal-map-encoding: 01000000000000000000000000000000 -> 02000000000000000000000000000000
========================================================================
Received Import Request.
  Time since last request: 61.555462 seconds.
  path: Assets/Prefabs/BackGroundCell.prefab
  artifactKey: Guid(499c26bd83d88e64188fc9e47d7e7169) Importer(815301076,1909f56bfc062723c751e8b465ee728b)
Start importing Assets/Prefabs/BackGroundCell.prefab using Guid(499c26bd83d88e64188fc9e47d7e7169) Importer(815301076,1909f56bfc062723c751e8b465ee728b)  -> (artifact id: '47a0d283e61e3f613db629a8570051ba') in 0.049567 seconds
  Import took 0.053684 seconds .

========================================================================
Received Import Request.
  Time since last request: 0.527422 seconds.
  path: Assets/Prefabs/BackGroundCell.prefab
  artifactKey: Guid(499c26bd83d88e64188fc9e47d7e7169) Importer(815301076,1909f56bfc062723c751e8b465ee728b)
Start importing Assets/Prefabs/BackGroundCell.prefab using Guid(499c26bd83d88e64188fc9e47d7e7169) Importer(815301076,1909f56bfc062723c751e8b465ee728b)  -> (artifact id: '09272af79f9aed9f466b02c411f81045') in 0.008811 seconds
  Import took 0.012705 seconds .

========================================================================
Received Prepare
Registering precompiled user dll's ...
Registered in 0.000761 seconds.
Begin MonoManager ReloadAssembly
Native extension for Lumin target not found
Native extension for LinuxStandalone target not found
Native extension for WindowsStandalone target not found
Native extension for OSXStandalone target not found
Native extension for WebGL target not found
Refreshing native plugins compatible for Editor in 0.22 ms, found 0 plugins.
Preloading 0 native plugins for Editor in 0.00 ms.
Mono: successfully reloaded assembly
- Completed reload, in  0.889 seconds
Platform modules already initialized, skipping
Switching build target platform(5) subTarget(0) extendedPlatform(0) -> platform(13) subTarget(537395200) extendedPlatform(0)
Refreshing native plugins compatible for Editor in 0.19 ms, found 0 plugins.
Preloading 0 native plugins for Editor in 0.00 ms.
Unloading 1144 Unused Serialized files (Serialized files now loaded: 0)
System memory in use before: 67.2 MB.
System memory in use after: 67.3 MB.

Unloading 5 unused Assets to reduce memory usage. Loaded Objects now: 1684.
Total: 1.430800 ms (FindLiveObjects: 0.124800 ms CreateObjectMapping: 0.033800 ms MarkObjects: 1.226500 ms  DeleteObjects: 0.044700 ms)

AssetImportParameters requested are different than current active one (requested -> active):
  custom:graphics/normal-map-encoding: 01000000000000000000000000000000 -> 02000000000000000000000000000000
========================================================================
Received Import Request.
  Time since last request: 143.421238 seconds.
  path: Assets/Prefabs/8192Cell.prefab
  artifactKey: Guid(5ecfa455dcd89574cb84a0f0baa2cde1) Importer(815301076,1909f56bfc062723c751e8b465ee728b)
Start importing Assets/Prefabs/8192Cell.prefab using Guid(5ecfa455dcd89574cb84a0f0baa2cde1) Importer(815301076,1909f56bfc062723c751e8b465ee728b)  -> (artifact id: '2d893206bb9e8cf51efc94d28b55ccfd') in 0.053541 seconds
  Import took 0.057750 seconds .

========================================================================
Received Import Request.
  Time since last request: 1.831778 seconds.
  path: Assets/Prefabs/4096Cell.prefab
  artifactKey: Guid(5b0045a26bf9758459f8a0ac00be97ac) Importer(815301076,1909f56bfc062723c751e8b465ee728b)
Start importing Assets/Prefabs/4096Cell.prefab using Guid(5b0045a26bf9758459f8a0ac00be97ac) Importer(815301076,1909f56bfc062723c751e8b465ee728b)  -> (artifact id: 'b0bb2d19805e7bfb935adff49bb0b1f0') in 0.011534 seconds
  Import took 0.016076 seconds .

========================================================================
Received Import Request.
  Time since last request: 3.345031 seconds.
  path: Assets/Prefabs/2048Cell.prefab
  artifactKey: Guid(dbc4c4bf14478ef409e17b791e0c4a5b) Importer(815301076,1909f56bfc062723c751e8b465ee728b)
Start importing Assets/Prefabs/2048Cell.prefab using Guid(dbc4c4bf14478ef409e17b791e0c4a5b) Importer(815301076,1909f56bfc062723c751e8b465ee728b)  -> (artifact id: 'efcbe6507a5eafd45183b341f2ec3485') in 0.013970 seconds
  Import took 0.018370 seconds .

========================================================================
Received Prepare
Registering precompiled user dll's ...
Registered in 0.000788 seconds.
Begin MonoManager ReloadAssembly
Native extension for Lumin target not found
Native extension for LinuxStandalone target not found
Native extension for WindowsStandalone target not found
Native extension for OSXStandalone target not found
Native extension for WebGL target not found
Refreshing native plugins compatible for Editor in 0.21 ms, found 0 plugins.
Preloading 0 native plugins for Editor in 0.00 ms.
Mono: successfully reloaded assembly
- Completed reload, in  0.986 seconds
Platform modules already initialized, skipping
Switching build target platform(5) subTarget(0) extendedPlatform(0) -> platform(13) subTarget(537395200) extendedPlatform(0)
Refreshing native plugins compatible for Editor in 0.20 ms, found 0 plugins.
Preloading 0 native plugins for Editor in 0.00 ms.
Unloading 1144 Unused Serialized files (Serialized files now loaded: 0)
System memory in use before: 67.3 MB.
System memory in use after: 67.3 MB.

Unloading 5 unused Assets to reduce memory usage. Loaded Objects now: 1688.
Total: 1.949700 ms (FindLiveObjects: 0.161700 ms CreateObjectMapping: 0.044600 ms MarkObjects: 1.681300 ms  DeleteObjects: 0.060000 ms)

AssetImportParameters requested are different than current active one (requested -> active):
  custom:graphics/normal-map-encoding: 01000000000000000000000000000000 -> 02000000000000000000000000000000
========================================================================
Received Import Request.
  Time since last request: 102.923096 seconds.
  path: Assets/Prefabs/8192Cell.prefab
  artifactKey: Guid(5ecfa455dcd89574cb84a0f0baa2cde1) Importer(815301076,1909f56bfc062723c751e8b465ee728b)
Start importing Assets/Prefabs/8192Cell.prefab using Guid(5ecfa455dcd89574cb84a0f0baa2cde1) Importer(815301076,1909f56bfc062723c751e8b465ee728b)  -> (artifact id: '6fa93bc3823034ef633aa616203d1359') in 0.056987 seconds
  Import took 0.061541 seconds .

========================================================================
Received Import Request.
  Time since last request: 0.341608 seconds.
  path: Assets/Prefabs/8192Cell.prefab
  artifactKey: Guid(5ecfa455dcd89574cb84a0f0baa2cde1) Importer(815301076,1909f56bfc062723c751e8b465ee728b)
Start importing Assets/Prefabs/8192Cell.prefab using Guid(5ecfa455dcd89574cb84a0f0baa2cde1) Importer(815301076,1909f56bfc062723c751e8b465ee728b)  -> (artifact id: 'd84358c6b2478caf66610d785dc4d8a0') in 0.014576 seconds
  Import took 0.018509 seconds .

========================================================================
Received Import Request.
  Time since last request: 0.002761 seconds.
  path: Assets/Prefabs/8192Cell.prefab
  artifactKey: Guid(5ecfa455dcd89574cb84a0f0baa2cde1) Importer(815301076,1909f56bfc062723c751e8b465ee728b)
Start importing Assets/Prefabs/8192Cell.prefab using Guid(5ecfa455dcd89574cb84a0f0baa2cde1) Importer(815301076,1909f56bfc062723c751e8b465ee728b)  -> (artifact id: 'd84358c6b2478caf66610d785dc4d8a0') in 0.011567 seconds
  Import took 0.015936 seconds .

========================================================================
Received Prepare
Registering precompiled user dll's ...
Registered in 0.000843 seconds.
Begin MonoManager ReloadAssembly
Native extension for Lumin target not found
Native extension for LinuxStandalone target not found
Native extension for WindowsStandalone target not found
Native extension for OSXStandalone target not found
Native extension for WebGL target not found
Refreshing native plugins compatible for Editor in 0.19 ms, found 0 plugins.
Preloading 0 native plugins for Editor in 0.00 ms.
Mono: successfully reloaded assembly
- Completed reload, in  0.905 seconds
Platform modules already initialized, skipping
Switching build target platform(5) subTarget(0) extendedPlatform(0) -> platform(13) subTarget(537395200) extendedPlatform(0)
Refreshing native plugins compatible for Editor in 0.19 ms, found 0 plugins.
Preloading 0 native plugins for Editor in 0.00 ms.
Unloading 1144 Unused Serialized files (Serialized files now loaded: 0)
System memory in use before: 67.3 MB.
System memory in use after: 67.3 MB.

Unloading 5 unused Assets to reduce memory usage. Loaded Objects now: 1692.
Total: 1.820000 ms (FindLiveObjects: 0.185000 ms CreateObjectMapping: 0.047000 ms MarkObjects: 1.534600 ms  DeleteObjects: 0.052300 ms)

AssetImportParameters requested are different than current active one (requested -> active):
  custom:graphics/normal-map-encoding: 01000000000000000000000000000000 -> 02000000000000000000000000000000
========================================================================
Received Import Request.
  Time since last request: 32.440254 seconds.
  path: Assets/Prefabs/8192Cell.prefab
  artifactKey: Guid(5ecfa455dcd89574cb84a0f0baa2cde1) Importer(815301076,1909f56bfc062723c751e8b465ee728b)
Start importing Assets/Prefabs/8192Cell.prefab using Guid(5ecfa455dcd89574cb84a0f0baa2cde1) Importer(815301076,1909f56bfc062723c751e8b465ee728b)  -> (artifact id: '12db97121b0a1d8815a3f3ced223ce41') in 0.055565 seconds
  Import took 0.059747 seconds .

========================================================================
Received Prepare
Registering precompiled user dll's ...
Registered in 0.000776 seconds.
Begin MonoManager ReloadAssembly
Native extension for Lumin target not found
Native extension for LinuxStandalone target not found
Native extension for WindowsStandalone target not found
Native extension for OSXStandalone target not found
Native extension for WebGL target not found
Refreshing native plugins compatible for Editor in 0.21 ms, found 0 plugins.
Preloading 0 native plugins for Editor in 0.00 ms.
Mono: successfully reloaded assembly
- Completed reload, in  0.941 seconds
Platform modules already initialized, skipping
Switching build target platform(5) subTarget(0) extendedPlatform(0) -> platform(13) subTarget(537395200) extendedPlatform(0)
Refreshing native plugins compatible for Editor in 0.23 ms, found 0 plugins.
Preloading 0 native plugins for Editor in 0.00 ms.
Unloading 1144 Unused Serialized files (Serialized files now loaded: 0)
System memory in use before: 67.3 MB.
System memory in use after: 67.4 MB.

Unloading 5 unused Assets to reduce memory usage. Loaded Objects now: 1696.
Total: 1.561300 ms (FindLiveObjects: 0.127100 ms CreateObjectMapping: 0.034800 ms MarkObjects: 1.352300 ms  DeleteObjects: 0.045900 ms)

AssetImportParameters requested are different than current active one (requested -> active):
  custom:graphics/normal-map-encoding: 01000000000000000000000000000000 -> 02000000000000000000000000000000
========================================================================
Received Prepare
Registering precompiled user dll's ...
Registered in 0.000905 seconds.
Begin MonoManager ReloadAssembly
Native extension for Lumin target not found
Native extension for LinuxStandalone target not found
Native extension for WindowsStandalone target not found
Native extension for OSXStandalone target not found
Native extension for WebGL target not found
Refreshing native plugins compatible for Editor in 0.21 ms, found 0 plugins.
Preloading 0 native plugins for Editor in 0.00 ms.
Mono: successfully reloaded assembly
- Completed reload, in  0.930 seconds
Platform modules already initialized, skipping
Switching build target platform(5) subTarget(0) extendedPlatform(0) -> platform(13) subTarget(537395200) extendedPlatform(0)
Refreshing native plugins compatible for Editor in 0.19 ms, found 0 plugins.
Preloading 0 native plugins for Editor in 0.00 ms.
Unloading 1144 Unused Serialized files (Serialized files now loaded: 0)
System memory in use before: 67.3 MB.
System memory in use after: 67.4 MB.

Unloading 5 unused Assets to reduce memory usage. Loaded Objects now: 1699.
Total: 1.728000 ms (FindLiveObjects: 0.161500 ms CreateObjectMapping: 0.056300 ms MarkObjects: 1.457300 ms  DeleteObjects: 0.051300 ms)

AssetImportParameters requested are different than current active one (requested -> active):
  custom:graphics/normal-map-encoding: 01000000000000000000000000000000 -> 02000000000000000000000000000000
========================================================================
Received Prepare
Registering precompiled user dll's ...
Registered in 0.000812 seconds.
Begin MonoManager ReloadAssembly
Native extension for Lumin target not found
Native extension for LinuxStandalone target not found
Native extension for WindowsStandalone target not found
Native extension for OSXStandalone target not found
Native extension for WebGL target not found
Refreshing native plugins compatible for Editor in 0.38 ms, found 0 plugins.
Preloading 0 native plugins for Editor in 0.00 ms.
Mono: successfully reloaded assembly
- Completed reload, in  1.009 seconds
Platform modules already initialized, skipping
Switching build target platform(5) subTarget(0) extendedPlatform(0) -> platform(13) subTarget(537395200) extendedPlatform(0)
Refreshing native plugins compatible for Editor in 0.41 ms, found 0 plugins.
Preloading 0 native plugins for Editor in 0.00 ms.
Unloading 1144 Unused Serialized files (Serialized files now loaded: 0)
System memory in use before: 67.3 MB.
System memory in use after: 67.4 MB.

Unloading 5 unused Assets to reduce memory usage. Loaded Objects now: 1702.
Total: 1.729000 ms (FindLiveObjects: 0.132700 ms CreateObjectMapping: 0.036000 ms MarkObjects: 1.508800 ms  DeleteObjects: 0.050100 ms)

AssetImportParameters requested are different than current active one (requested -> active):
  custom:graphics/normal-map-encoding: 01000000000000000000000000000000 -> 02000000000000000000000000000000
========================================================================
Received Import Request.
  Time since last request: 962.048048 seconds.
  path: Assets/Prefabs/2048Cell.prefab
  artifactKey: Guid(dbc4c4bf14478ef409e17b791e0c4a5b) Importer(815301076,1909f56bfc062723c751e8b465ee728b)
Start importing Assets/Prefabs/2048Cell.prefab using Guid(dbc4c4bf14478ef409e17b791e0c4a5b) Importer(815301076,1909f56bfc062723c751e8b465ee728b)  -> (artifact id: 'fa13da56377c969d37ec0101ab7cee77') in 0.067271 seconds
  Import took 0.072000 seconds .

========================================================================
Received Import Request.
  Time since last request: 1.223533 seconds.
  path: Assets/Prefabs/4096Cell.prefab
  artifactKey: Guid(5b0045a26bf9758459f8a0ac00be97ac) Importer(815301076,1909f56bfc062723c751e8b465ee728b)
Start importing Assets/Prefabs/4096Cell.prefab using Guid(5b0045a26bf9758459f8a0ac00be97ac) Importer(815301076,1909f56bfc062723c751e8b465ee728b)  -> (artifact id: '963aeb7e1ea8aaf27d5ef4e9a05cde47') in 0.012052 seconds
  Import took 0.016034 seconds .

========================================================================
Received Import Request.
  Time since last request: 2.718469 seconds.
  path: Assets/Prefabs/8192Cell.prefab
  artifactKey: Guid(5ecfa455dcd89574cb84a0f0baa2cde1) Importer(815301076,1909f56bfc062723c751e8b465ee728b)
Start importing Assets/Prefabs/8192Cell.prefab using Guid(5ecfa455dcd89574cb84a0f0baa2cde1) Importer(815301076,1909f56bfc062723c751e8b465ee728b)  -> (artifact id: '37e393a25eeaffbe22c81e3afaca6b8e') in 0.011391 seconds
  Import took 0.015248 seconds .

========================================================================
Received Prepare
Registering precompiled user dll's ...
Registered in 0.000820 seconds.
Begin MonoManager ReloadAssembly
Native extension for Lumin target not found
Native extension for LinuxStandalone target not found
Native extension for WindowsStandalone target not found
Native extension for OSXStandalone target not found
Native extension for WebGL target not found
Refreshing native plugins compatible for Editor in 0.19 ms, found 0 plugins.
Preloading 0 native plugins for Editor in 0.00 ms.
Mono: successfully reloaded assembly
- Completed reload, in  0.958 seconds
Platform modules already initialized, skipping
Switching build target platform(5) subTarget(0) extendedPlatform(0) -> platform(13) subTarget(537395200) extendedPlatform(0)
Refreshing native plugins compatible for Editor in 0.19 ms, found 0 plugins.
Preloading 0 native plugins for Editor in 0.00 ms.
Unloading 1144 Unused Serialized files (Serialized files now loaded: 0)
System memory in use before: 67.3 MB.
System memory in use after: 67.4 MB.

Unloading 5 unused Assets to reduce memory usage. Loaded Objects now: 1706.
Total: 1.575400 ms (FindLiveObjects: 0.122500 ms CreateObjectMapping: 0.032400 ms MarkObjects: 1.374600 ms  DeleteObjects: 0.045000 ms)

AssetImportParameters requested are different than current active one (requested -> active):
  custom:graphics/normal-map-encoding: 01000000000000000000000000000000 -> 02000000000000000000000000000000
========================================================================
Received Import Request.
  Time since last request: 101.399934 seconds.
  path: Assets/Prefabs/8192Cell.prefab
  artifactKey: Guid(5ecfa455dcd89574cb84a0f0baa2cde1) Importer(815301076,1909f56bfc062723c751e8b465ee728b)
Start importing Assets/Prefabs/8192Cell.prefab using Guid(5ecfa455dcd89574cb84a0f0baa2cde1) Importer(815301076,1909f56bfc062723c751e8b465ee728b)  -> (artifact id: 'be91898db122a408e387092f1140ed69') in 0.055091 seconds
  Import took 0.059432 seconds .

========================================================================
Received Prepare
Registering precompiled user dll's ...
Registered in 0.000760 seconds.
Begin MonoManager ReloadAssembly
Native extension for Lumin target not found
Native extension for LinuxStandalone target not found
Native extension for WindowsStandalone target not found
Native extension for OSXStandalone target not found
Native extension for WebGL target not found
Refreshing native plugins compatible for Editor in 0.19 ms, found 0 plugins.
Preloading 0 native plugins for Editor in 0.00 ms.
Mono: successfully reloaded assembly
- Completed reload, in  0.961 seconds
Platform modules already initialized, skipping
Switching build target platform(5) subTarget(0) extendedPlatform(0) -> platform(13) subTarget(537395200) extendedPlatform(0)
Refreshing native plugins compatible for Editor in 0.19 ms, found 0 plugins.
Preloading 0 native plugins for Editor in 0.00 ms.
Unloading 1144 Unused Serialized files (Serialized files now loaded: 0)
System memory in use before: 67.3 MB.
System memory in use after: 67.4 MB.

Unloading 5 unused Assets to reduce memory usage. Loaded Objects now: 1710.
Total: 1.683200 ms (FindLiveObjects: 0.153400 ms CreateObjectMapping: 0.045600 ms MarkObjects: 1.416300 ms  DeleteObjects: 0.066800 ms)

AssetImportParameters requested are different than current active one (requested -> active):
  custom:graphics/normal-map-encoding: 01000000000000000000000000000000 -> 02000000000000000000000000000000
========================================================================
Received Import Request.
  Time since last request: 21.281481 seconds.
  path: Assets/Prefabs/8192Cell.prefab
  artifactKey: Guid(5ecfa455dcd89574cb84a0f0baa2cde1) Importer(815301076,1909f56bfc062723c751e8b465ee728b)
Start importing Assets/Prefabs/8192Cell.prefab using Guid(5ecfa455dcd89574cb84a0f0baa2cde1) Importer(815301076,1909f56bfc062723c751e8b465ee728b)  -> (artifact id: '28395a63a52165bc67cec8c3f210ea54') in 0.052479 seconds
  Import took 0.056808 seconds .

========================================================================
Received Prepare
Registering precompiled user dll's ...
Registered in 0.000771 seconds.
Begin MonoManager ReloadAssembly
Native extension for Lumin target not found
Native extension for LinuxStandalone target not found
Native extension for WindowsStandalone target not found
Native extension for OSXStandalone target not found
Native extension for WebGL target not found
Refreshing native plugins compatible for Editor in 0.20 ms, found 0 plugins.
Preloading 0 native plugins for Editor in 0.00 ms.
Mono: successfully reloaded assembly
- Completed reload, in  0.970 seconds
Platform modules already initialized, skipping
Switching build target platform(5) subTarget(0) extendedPlatform(0) -> platform(13) subTarget(537395200) extendedPlatform(0)
Refreshing native plugins compatible for Editor in 0.20 ms, found 0 plugins.
Preloading 0 native plugins for Editor in 0.00 ms.
Unloading 1144 Unused Serialized files (Serialized files now loaded: 0)
System memory in use before: 67.3 MB.
System memory in use after: 67.4 MB.

Unloading 5 unused Assets to reduce memory usage. Loaded Objects now: 1714.
Total: 1.699900 ms (FindLiveObjects: 0.134100 ms CreateObjectMapping: 0.034900 ms MarkObjects: 1.467800 ms  DeleteObjects: 0.062100 ms)

AssetImportParameters requested are different than current active one (requested -> active):
  custom:graphics/normal-map-encoding: 01000000000000000000000000000000 -> 02000000000000000000000000000000
========================================================================
Received Import Request.
  Time since last request: 19.513231 seconds.
  path: Assets/Prefabs/8192Cell.prefab
  artifactKey: Guid(5ecfa455dcd89574cb84a0f0baa2cde1) Importer(815301076,1909f56bfc062723c751e8b465ee728b)
Start importing Assets/Prefabs/8192Cell.prefab using Guid(5ecfa455dcd89574cb84a0f0baa2cde1) Importer(815301076,1909f56bfc062723c751e8b465ee728b)  -> (artifact id: '6d143bcd167d9510334e86527f1ad577') in 0.052551 seconds
  Import took 0.056493 seconds .

========================================================================
Received Import Request.
  Time since last request: 1.830605 seconds.
  path: Assets/Prefabs/8192Cell.prefab
  artifactKey: Guid(5ecfa455dcd89574cb84a0f0baa2cde1) Importer(815301076,1909f56bfc062723c751e8b465ee728b)
Start importing Assets/Prefabs/8192Cell.prefab using Guid(5ecfa455dcd89574cb84a0f0baa2cde1) Importer(815301076,1909f56bfc062723c751e8b465ee728b)  -> (artifact id: '6d143bcd167d9510334e86527f1ad577') in 0.014417 seconds
  Import took 0.018730 seconds .

========================================================================
Received Prepare
Registering precompiled user dll's ...
Registered in 0.000798 seconds.
Begin MonoManager ReloadAssembly
Native extension for Lumin target not found
Native extension for LinuxStandalone target not found
Native extension for WindowsStandalone target not found
Native extension for OSXStandalone target not found
Native extension for WebGL target not found
Refreshing native plugins compatible for Editor in 0.19 ms, found 0 plugins.
Preloading 0 native plugins for Editor in 0.00 ms.
Mono: successfully reloaded assembly
- Completed reload, in  0.953 seconds
Platform modules already initialized, skipping
Switching build target platform(5) subTarget(0) extendedPlatform(0) -> platform(13) subTarget(537395200) extendedPlatform(0)
Refreshing native plugins compatible for Editor in 0.22 ms, found 0 plugins.
Preloading 0 native plugins for Editor in 0.00 ms.
Unloading 1144 Unused Serialized files (Serialized files now loaded: 0)
System memory in use before: 67.4 MB.
System memory in use after: 67.4 MB.

Unloading 5 unused Assets to reduce memory usage. Loaded Objects now: 1718.
Total: 1.613900 ms (FindLiveObjects: 0.122800 ms CreateObjectMapping: 0.032800 ms MarkObjects: 1.409700 ms  DeleteObjects: 0.047800 ms)

AssetImportParameters requested are different than current active one (requested -> active):
  custom:graphics/normal-map-encoding: 01000000000000000000000000000000 -> 02000000000000000000000000000000
========================================================================
Received Import Request.
  Time since last request: 25.715684 seconds.
  path: Assets/Prefabs/8192Cell.prefab
  artifactKey: Guid(5ecfa455dcd89574cb84a0f0baa2cde1) Importer(815301076,1909f56bfc062723c751e8b465ee728b)
Start importing Assets/Prefabs/8192Cell.prefab using Guid(5ecfa455dcd89574cb84a0f0baa2cde1) Importer(815301076,1909f56bfc062723c751e8b465ee728b)  -> (artifact id: '838fe6be1dca306db5545b47b4ba97c0') in 0.054967 seconds
  Import took 0.058965 seconds .

========================================================================
Received Prepare
Registering precompiled user dll's ...
Registered in 0.000816 seconds.
Begin MonoManager ReloadAssembly
Native extension for Lumin target not found
Native extension for LinuxStandalone target not found
Native extension for WindowsStandalone target not found
Native extension for OSXStandalone target not found
Native extension for WebGL target not found
Refreshing native plugins compatible for Editor in 0.19 ms, found 0 plugins.
Preloading 0 native plugins for Editor in 0.00 ms.
Mono: successfully reloaded assembly
- Completed reload, in  0.963 seconds
Platform modules already initialized, skipping
Switching build target platform(5) subTarget(0) extendedPlatform(0) -> platform(13) subTarget(537395200) extendedPlatform(0)
Refreshing native plugins compatible for Editor in 0.20 ms, found 0 plugins.
Preloading 0 native plugins for Editor in 0.00 ms.
Unloading 1144 Unused Serialized files (Serialized files now loaded: 0)
System memory in use before: 67.4 MB.
System memory in use after: 67.4 MB.

Unloading 5 unused Assets to reduce memory usage. Loaded Objects now: 1722.
Total: 1.608900 ms (FindLiveObjects: 0.128300 ms CreateObjectMapping: 0.035000 ms MarkObjects: 1.399600 ms  DeleteObjects: 0.045100 ms)

AssetImportParameters requested are different than current active one (requested -> active):
  custom:graphics/normal-map-encoding: 01000000000000000000000000000000 -> 02000000000000000000000000000000
========================================================================
Received Prepare
Registering precompiled user dll's ...
Registered in 0.000810 seconds.
Begin MonoManager ReloadAssembly
Native extension for Lumin target not found
Native extension for LinuxStandalone target not found
Native extension for WindowsStandalone target not found
Native extension for OSXStandalone target not found
Native extension for WebGL target not found
Refreshing native plugins compatible for Editor in 0.20 ms, found 0 plugins.
Preloading 0 native plugins for Editor in 0.00 ms.
Mono: successfully reloaded assembly
- Completed reload, in  0.972 seconds
Platform modules already initialized, skipping
Switching build target platform(5) subTarget(0) extendedPlatform(0) -> platform(13) subTarget(537395200) extendedPlatform(0)
Refreshing native plugins compatible for Editor in 0.19 ms, found 0 plugins.
Preloading 0 native plugins for Editor in 0.00 ms.
Unloading 1144 Unused Serialized files (Serialized files now loaded: 0)
System memory in use before: 67.4 MB.
System memory in use after: 67.4 MB.

Unloading 5 unused Assets to reduce memory usage. Loaded Objects now: 1725.
Total: 1.668500 ms (FindLiveObjects: 0.145000 ms CreateObjectMapping: 0.038900 ms MarkObjects: 1.429500 ms  DeleteObjects: 0.053800 ms)

AssetImportParameters requested are different than current active one (requested -> active):
  custom:graphics/normal-map-encoding: 01000000000000000000000000000000 -> 02000000000000000000000000000000
========================================================================
Received Prepare
Registering precompiled user dll's ...
Registered in 0.000804 seconds.
Begin MonoManager ReloadAssembly
Native extension for Lumin target not found
Native extension for LinuxStandalone target not found
Native extension for WindowsStandalone target not found
Native extension for OSXStandalone target not found
Native extension for WebGL target not found
Refreshing native plugins compatible for Editor in 0.19 ms, found 0 plugins.
Preloading 0 native plugins for Editor in 0.00 ms.
Mono: successfully reloaded assembly
- Completed reload, in  0.982 seconds
Platform modules already initialized, skipping
Switching build target platform(5) subTarget(0) extendedPlatform(0) -> platform(13) subTarget(537395200) extendedPlatform(0)
Refreshing native plugins compatible for Editor in 0.20 ms, found 0 plugins.
Preloading 0 native plugins for Editor in 0.00 ms.
Unloading 1144 Unused Serialized files (Serialized files now loaded: 0)
System memory in use before: 67.4 MB.
System memory in use after: 67.5 MB.

Unloading 5 unused Assets to reduce memory usage. Loaded Objects now: 1728.
Total: 1.647400 ms (FindLiveObjects: 0.129500 ms CreateObjectMapping: 0.033500 ms MarkObjects: 1.432800 ms  DeleteObjects: 0.050200 ms)

AssetImportParameters requested are different than current active one (requested -> active):
  custom:graphics/normal-map-encoding: 01000000000000000000000000000000 -> 02000000000000000000000000000000
========================================================================
Received Import Request.
  Time since last request: 142.925423 seconds.
  path: Assets/Prefabs/8192Cell.prefab
  artifactKey: Guid(5ecfa455dcd89574cb84a0f0baa2cde1) Importer(815301076,1909f56bfc062723c751e8b465ee728b)
Start importing Assets/Prefabs/8192Cell.prefab using Guid(5ecfa455dcd89574cb84a0f0baa2cde1) Importer(815301076,1909f56bfc062723c751e8b465ee728b)  -> (artifact id: 'b818e941f15a90269a9fa3b4e4d9f28c') in 0.067188 seconds
  Import took 0.071796 seconds .

========================================================================
Received Prepare
Registering precompiled user dll's ...
Registered in 0.000756 seconds.
Begin MonoManager ReloadAssembly
Native extension for Lumin target not found
Native extension for LinuxStandalone target not found
Native extension for WindowsStandalone target not found
Native extension for OSXStandalone target not found
Native extension for WebGL target not found
Refreshing native plugins compatible for Editor in 0.20 ms, found 0 plugins.
Preloading 0 native plugins for Editor in 0.00 ms.
Mono: successfully reloaded assembly
- Completed reload, in  1.033 seconds
Platform modules already initialized, skipping
Switching build target platform(5) subTarget(0) extendedPlatform(0) -> platform(13) subTarget(537395200) extendedPlatform(0)
Refreshing native plugins compatible for Editor in 0.20 ms, found 0 plugins.
Preloading 0 native plugins for Editor in 0.00 ms.
Unloading 1144 Unused Serialized files (Serialized files now loaded: 0)
System memory in use before: 67.4 MB.
System memory in use after: 67.5 MB.

Unloading 5 unused Assets to reduce memory usage. Loaded Objects now: 1732.
Total: 1.949600 ms (FindLiveObjects: 0.173300 ms CreateObjectMapping: 0.049900 ms MarkObjects: 1.641700 ms  DeleteObjects: 0.083000 ms)

AssetImportParameters requested are different than current active one (requested -> active):
  custom:graphics/normal-map-encoding: 01000000000000000000000000000000 -> 02000000000000000000000000000000
========================================================================
Received Import Request.
  Time since last request: 7.318277 seconds.
  path: Assets/Prefabs/4096Cell.prefab
  artifactKey: Guid(5b0045a26bf9758459f8a0ac00be97ac) Importer(815301076,1909f56bfc062723c751e8b465ee728b)
Start importing Assets/Prefabs/4096Cell.prefab using Guid(5b0045a26bf9758459f8a0ac00be97ac) Importer(815301076,1909f56bfc062723c751e8b465ee728b)  -> (artifact id: 'abb53f7b12550b28184694e48c5a107a') in 0.061638 seconds
  Import took 0.066408 seconds .

AssetImportWorkerClient::OnTransportError - code=2 error=End of file
